# JRE version: Java(TM) SE Runtime Environment (8.0_172-b11) (build 1.8.0_172-b11)
# Java VM: Java HotSpot(TM) 64-Bit Server VM (25.172-b11 mixed mode linux-amd64 )
Heap:
 PSYoungGen      total 29495296K, used 28371758K [0x00002af435000000, 0x00002afb88000000, 0x00002afb88000000)
  eden space 28369408K, 97% used [0x00002af435000000,0x00002afacc816498,0x00002afaf8880000)
  from space 1125888K, 64% used [0x00002afb3f000000,0x00002afb6b2b56f8,0x00002afb83b80000)
  to   space 1154560K, 0% used [0x00002afaf8880000,0x00002afaf8880000,0x00002afb3f000000)
 ParOldGen       total 61440000K, used 27214782K [0x00002ae58f000000, 0x00002af435000000, 0x00002af435000000)
  object space 61440000K, 44% used [0x00002ae58f000000,0x00002aec0c0efae0,0x00002af435000000)
 Metaspace       used 227198K, capacity 237505K, committed 242012K, reserved 243712K
GC Heap History (10 events):
Event: 258366.080 GC heap before
{Heap before GC invocations=27104 (full 374):
 PSYoungGen      total 29400064K, used 28483093K [0x00002af435000000, 0x00002afb83100000, 0x00002afb88000000)
  eden space 28160000K, 100% used [0x00002af435000000,0x00002afaebc00000,0x00002afaebc00000)
  from space 1240064K, 26% used [0x00002afaebc00000,0x00002afaff7856f0,0x00002afb37700000)
  to   space 1184768K, 0% used [0x00002afb3ac00000,0x00002afb3ac00000,0x00002afb83100000)
 ParOldGen       total 61440000K, used 26091464K [0x00002ae58f000000, 0x00002af435000000, 0x00002af435000000)
  object space 61440000K, 42% used [0x00002ae58f000000,0x00002aebc77f2358,0x00002af435000000)
 Metaspace       used 227080K, capacity 237375K, committed 242012K, reserved 243712K
Event: 258366.322 GC heap after
Heap after GC invocations=27104 (full 374):
 PSYoungGen      total 29466112K, used 607027K [0x00002af435000000, 0x00002afb82f00000, 0x00002afb88000000)
  eden space 28283392K, 0% used [0x00002af435000000,0x00002af435000000,0x00002afaf3480000)
  from space 1182720K, 51% used [0x00002afb3ac00000,0x00002afb5fcccec0,0x00002afb82f00000)
  to   space 1170944K, 0% used [0x00002afaf3480000,0x00002afaf3480000,0x00002afb3ac00000)
 ParOldGen       total 61440000K, used 26367388K [0x00002ae58f000000, 0x00002af435000000, 0x00002af435000000)
  object space 61440000K, 42% used [0x00002ae58f000000,0x00002aebd8567378,0x00002af435000000)
 Metaspace       used 227080K, capacity 237375K, committed 242012K, reserved 243712K
}
Event: 258376.262 GC heap before
{Heap before GC invocations=27105 (full 374):
 PSYoungGen      total 29466112K, used 28890419K [0x00002af435000000, 0x00002afb82f00000, 0x00002afb88000000)
  eden space 28283392K, 100% used [0x00002af435000000,0x00002afaf3480000,0x00002afaf3480000)
  from space 1182720K, 51% used [0x00002afb3ac00000,0x00002afb5fcccec0,0x00002afb82f00000)
  to   space 1170944K, 0% used [0x00002afaf3480000,0x00002afaf3480000,0x00002afb3ac00000)
 ParOldGen       total 61440000K, used 26367388K [0x00002ae58f000000, 0x00002af435000000, 0x00002af435000000)
  object space 61440000K, 42% used [0x00002ae58f000000,0x00002aebd8567378,0x00002af435000000)
 Metaspace       used 227080K, capacity 237375K, committed 242012K, reserved 243712K
Event: 258376.541 GC heap after
Heap after GC invocations=27105 (full 374):
 PSYoungGen      total 29454336K, used 799007K [0x00002af435000000, 0x00002afb88000000, 0x00002afb88000000)
  eden space 28283392K, 0% used [0x00002af435000000,0x00002af435000000,0x00002afaf3480000)
  from space 1170944K, 68% used [0x00002afaf3480000,0x00002afb240c7f40,0x00002afb3ac00000)
  to   space 1225728K, 0% used [0x00002afb3d300000,0x00002afb3d300000,0x00002afb88000000)
 ParOldGen       total 61440000K, used 26720030K [0x00002ae58f000000, 0x00002af435000000, 0x00002af435000000)
  object space 61440000K, 43% used [0x00002ae58f000000,0x00002aebeddc7b88,0x00002af435000000)
 Metaspace       used 227080K, capacity 237375K, committed 242012K, reserved 243712K
}
Event: 258390.790 GC heap before
{Heap before GC invocations=27106 (full 374):
 PSYoungGen      total 29454336K, used 29082399K [0x00002af435000000, 0x00002afb88000000, 0x00002afb88000000)
  eden space 28283392K, 100% used [0x00002af435000000,0x00002afaf3480000,0x00002afaf3480000)
  from space 1170944K, 68% used [0x00002afaf3480000,0x00002afb240c7f40,0x00002afb3ac00000)
  to   space 1225728K, 0% used [0x00002afb3d300000,0x00002afb3d300000,0x00002afb88000000)
 ParOldGen       total 61440000K, used 26720030K [0x00002ae58f000000, 0x00002af435000000, 0x00002af435000000)
  object space 61440000K, 43% used [0x00002ae58f000000,0x00002aebeddc7b88,0x00002af435000000)
 Metaspace       used 227080K, capacity 237375K, committed 242012K, reserved 243712K
Event: 258390.994 GC heap after
Heap after GC invocations=27106 (full 374):
 PSYoungGen      total 29480960K, used 422559K [0x00002af435000000, 0x00002afb83d80000, 0x00002afb88000000)
  eden space 28323328K, 0% used [0x00002af435000000,0x00002af435000000,0x00002afaf5b80000)
  from space 1157632K, 36% used [0x00002afb3d300000,0x00002afb56fa7ea8,0x00002afb83d80000)
  to   space 1164288K, 0% used [0x00002afaf5b80000,0x00002afaf5b80000,0x00002afb3cc80000)
 ParOldGen       total 61440000K, used 26864243K [0x00002ae58f000000, 0x00002af435000000, 0x00002af435000000)
  object space 61440000K, 43% used [0x00002ae58f000000,0x00002aebf6a9cff0,0x00002af435000000)
 Metaspace       used 227080K, capacity 237375K, committed 242012K, reserved 243712K
}
Event: 258406.340 GC heap before
{Heap before GC invocations=27107 (full 374):
 PSYoungGen      total 29480960K, used 28745887K [0x00002af435000000, 0x00002afb83d80000, 0x00002afb88000000)
  eden space 28323328K, 100% used [0x00002af435000000,0x00002afaf5b80000,0x00002afaf5b80000)
  from space 1157632K, 36% used [0x00002afb3d300000,0x00002afb56fa7ea8,0x00002afb83d80000)
  to   space 1164288K, 0% used [0x00002afaf5b80000,0x00002afaf5b80000,0x00002afb3cc80000)
 ParOldGen       total 61440000K, used 26864243K [0x00002ae58f000000, 0x00002af435000000, 0x00002af435000000)
  object space 61440000K, 43% used [0x00002ae58f000000,0x00002aebf6a9cff0,0x00002af435000000)
 Metaspace       used 227080K, capacity 237375K, committed 242012K, reserved 243712K
Event: 258406.503 GC heap after
Heap after GC invocations=27107 (full 374):
 PSYoungGen      total 29487616K, used 313960K [0x00002af435000000, 0x00002afb83b80000, 0x00002afb88000000)
  eden space 28323328K, 0% used [0x00002af435000000,0x00002af435000000,0x00002afaf5b80000)
  from space 1164288K, 26% used [0x00002afaf5b80000,0x00002afb08e1a0e0,0x00002afb3cc80000)
  to   space 1125888K, 0% used [0x00002afb3f000000,0x00002afb3f000000,0x00002afb83b80000)
 ParOldGen       total 61440000K, used 26938023K [0x00002ae58f000000, 0x00002af435000000, 0x00002af435000000)
  object space 61440000K, 43% used [0x00002ae58f000000,0x00002aebfb2a9ca8,0x00002af435000000)
 Metaspace       used 227080K, capacity 237375K, committed 242012K, reserved 243712K
}
Event: 258414.200 GC heap before
{Heap before GC invocations=27108 (full 374):
 PSYoungGen      total 29487616K, used 28637288K [0x00002af435000000, 0x00002afb83b80000, 0x00002afb88000000)
  eden space 28323328K, 100% used [0x00002af435000000,0x00002afaf5b80000,0x00002afaf5b80000)
  from space 1164288K, 26% used [0x00002afaf5b80000,0x00002afb08e1a0e0,0x00002afb3cc80000)
  to   space 1125888K, 0% used [0x00002afb3f000000,0x00002afb3f000000,0x00002afb83b80000)
 ParOldGen       total 61440000K, used 26938023K [0x00002ae58f000000, 0x00002af435000000, 0x00002af435000000)
  object space 61440000K, 43% used [0x00002ae58f000000,0x00002aebfb2a9ca8,0x00002af435000000)
 Metaspace       used 227080K, capacity 237375K, committed 242012K, reserved 243712K
Event: 258414.439 GC heap after
Heap after GC invocations=27108 (full 374):
 PSYoungGen      total 29495296K, used 723669K [0x00002af435000000, 0x00002afb88000000, 0x00002afb88000000)
  eden space 28369408K, 0% used [0x00002af435000000,0x00002af435000000,0x00002afaf8880000)
  from space 1125888K, 64% used [0x00002afb3f000000,0x00002afb6b2b56f8,0x00002afb83b80000)
  to   space 1154560K, 0% used [0x00002afaf8880000,0x00002afaf8880000,0x00002afb3f000000)
 ParOldGen       total 61440000K, used 27214782K [0x00002ae58f000000, 0x00002af435000000, 0x00002af435000000)
  object space 61440000K, 44% used [0x00002ae58f000000,0x00002aec0c0efae0,0x00002af435000000)
 Metaspace       used 227080K, capacity 237375K, committed 242012K, reserved 243712K
}

