# JRE version: Java(TM) SE Runtime Environment (8.0_172-b11) (build 1.8.0_172-b11)
# Java VM: Java HotSpot(TM) 64-Bit Server VM (25.172-b11 mixed mode linux-amd64 )
Heap:
 PSYoungGen      total 21979136K, used 1950913K [0x00002afd3d000000, 0x00002b03d8b00000, 0x00002b0490000000)
  eden space 16990720K, 5% used [0x00002afd3d000000,0x00002afd775b2ca0,0x00002b014a080000)
  from space 4988416K, 19% used [0x00002b014a080000,0x00002b0186bfdaf8,0x00002b027a800000)
  to   space 4613632K, 0% used [0x00002b02bf180000,0x00002b02bf180000,0x00002b03d8b00000)
 ParOldGen       total 61440000K, used 29980767K [0x00002aee97000000, 0x00002afd3d000000, 0x00002afd3d000000)
  object space 61440000K, 48% used [0x00002aee97000000,0x00002af5bce17cf0,0x00002afd3d000000)
 Metaspace       used 218130K, capacity 226020K, committed 231168K, reserved 231424K
GC Heap History (10 events):
Event: 89623.241 GC heap before
{Heap before GC invocations=14021 (full 256):
 PSYoungGen      total 21556736K, used 15598947K [0x00002afd3d000000, 0x00002b041f900000, 0x00002b0490000000)
  eden space 15065088K, 100% used [0x00002afd3d000000,0x00002b00d4800000,0x00002b00d4800000)
  from space 6491648K, 8% used [0x00002b00d4800000,0x00002b00f5158d18,0x00002b0260b80000)
  to   space 6032384K, 0% used [0x00002b02af600000,0x00002b02af600000,0x00002b041f900000)
 ParOldGen       total 61440000K, used 46238313K [0x00002aee97000000, 0x00002afd3d000000, 0x00002afd3d000000)
  object space 61440000K, 75% used [0x00002aee97000000,0x00002af99d29a610,0x00002afd3d000000)
 Metaspace       used 218130K, capacity 226020K, committed 231168K, reserved 231424K
Event: 89623.488 GC heap after
Heap after GC invocations=14021 (full 256):
 PSYoungGen      total 21746688K, used 140666K [0x00002afd3d000000, 0x00002b03e8080000, 0x00002b0490000000)
  eden space 16624128K, 0% used [0x00002afd3d000000,0x00002afd3d000000,0x00002b0133a80000)
  from space 5122560K, 2% used [0x00002b02af600000,0x00002b02b7f5e9b0,0x00002b03e8080000)
  to   space 5671936K, 0% used [0x00002b0133a80000,0x00002b0133a80000,0x00002b028dd80000)
 ParOldGen       total 61440000K, used 46734726K [0x00002aee97000000, 0x00002afd3d000000, 0x00002afd3d000000)
  object space 61440000K, 76% used [0x00002aee97000000,0x00002af9bb761ab8,0x00002afd3d000000)
 Metaspace       used 218130K, capacity 226020K, committed 231168K, reserved 231424K
}
Event: 90005.075 GC heap before
{Heap before GC invocations=14022 (full 256):
 PSYoungGen      total 21746688K, used 15073416K [0x00002afd3d000000, 0x00002b03e8080000, 0x00002b0490000000)
  eden space 16624128K, 89% used [0x00002afd3d000000,0x00002b00cc6c3860,0x00002b0133a80000)
  from space 5122560K, 2% used [0x00002b02af600000,0x00002b02b7f5e9b0,0x00002b03e8080000)
  to   space 5671936K, 0% used [0x00002b0133a80000,0x00002b0133a80000,0x00002b028dd80000)
 ParOldGen       total 61440000K, used 46734726K [0x00002aee97000000, 0x00002afd3d000000, 0x00002afd3d000000)
  object space 61440000K, 76% used [0x00002aee97000000,0x00002af9bb761ab8,0x00002afd3d000000)
 Metaspace       used 218130K, capacity 226020K, committed 231168K, reserved 231424K
Event: 90005.359 GC heap after
Heap after GC invocations=14022 (full 256):
 PSYoungGen      total 17959936K, used 1335377K [0x00002afd3d000000, 0x00002b03c1580000, 0x00002b0490000000)
  eden space 16624128K, 0% used [0x00002afd3d000000,0x00002afd3d000000,0x00002b0133a80000)
  from space 1335808K, 99% used [0x00002b0133a80000,0x00002b01852946b0,0x00002b0185300000)
  to   space 5355008K, 0% used [0x00002b027a800000,0x00002b027a800000,0x00002b03c1580000)
 ParOldGen       total 61440000K, used 46784576K [0x00002aee97000000, 0x00002afd3d000000, 0x00002afd3d000000)
  object space 61440000K, 76% used [0x00002aee97000000,0x00002af9be810238,0x00002afd3d000000)
 Metaspace       used 218130K, capacity 226020K, committed 231168K, reserved 231424K
}
Event: 90005.359 GC heap before
{Heap before GC invocations=14023 (full 257):
 PSYoungGen      total 17959936K, used 1335377K [0x00002afd3d000000, 0x00002b03c1580000, 0x00002b0490000000)
  eden space 16624128K, 0% used [0x00002afd3d000000,0x00002afd3d000000,0x00002b0133a80000)
  from space 1335808K, 99% used [0x00002b0133a80000,0x00002b01852946b0,0x00002b0185300000)
  to   space 5355008K, 0% used [0x00002b027a800000,0x00002b027a800000,0x00002b03c1580000)
 ParOldGen       total 61440000K, used 46784576K [0x00002aee97000000, 0x00002afd3d000000, 0x00002afd3d000000)
  object space 61440000K, 76% used [0x00002aee97000000,0x00002af9be810238,0x00002afd3d000000)
 Metaspace       used 218130K, capacity 226020K, committed 231168K, reserved 231424K
Event: 90009.364 GC heap after
Heap after GC invocations=14023 (full 257):
 PSYoungGen      total 17959936K, used 0K [0x00002afd3d000000, 0x00002b03c1580000, 0x00002b0490000000)
  eden space 16624128K, 0% used [0x00002afd3d000000,0x00002afd3d000000,0x00002b0133a80000)
  from space 1335808K, 0% used [0x00002b0133a80000,0x00002b0133a80000,0x00002b0185300000)
  to   space 5355008K, 0% used [0x00002b027a800000,0x00002b027a800000,0x00002b03c1580000)
 ParOldGen       total 61440000K, used 29980767K [0x00002aee97000000, 0x00002afd3d000000, 0x00002afd3d000000)
  object space 61440000K, 48% used [0x00002aee97000000,0x00002af5bce17cf0,0x00002afd3d000000)
 Metaspace       used 218130K, capacity 226020K, committed 231168K, reserved 231424K
}
Event: 90058.501 GC heap before
{Heap before GC invocations=14024 (full 257):
 PSYoungGen      total 17959936K, used 16624128K [0x00002afd3d000000, 0x00002b03c1580000, 0x00002b0490000000)
  eden space 16624128K, 100% used [0x00002afd3d000000,0x00002b0133a80000,0x00002b0133a80000)
  from space 1335808K, 0% used [0x00002b0133a80000,0x00002b0133a80000,0x00002b0185300000)
  to   space 5355008K, 0% used [0x00002b027a800000,0x00002b027a800000,0x00002b03c1580000)
 ParOldGen       total 61440000K, used 29980767K [0x00002aee97000000, 0x00002afd3d000000, 0x00002afd3d000000)
  object space 61440000K, 48% used [0x00002aee97000000,0x00002af5bce17cf0,0x00002afd3d000000)
 Metaspace       used 218130K, capacity 226020K, committed 231168K, reserved 231424K
Event: 90058.645 GC heap after
Heap after GC invocations=14024 (full 257):
 PSYoungGen      total 22345728K, used 509838K [0x00002afd3d000000, 0x00002b03f4100000, 0x00002b0490000000)
  eden space 16990720K, 0% used [0x00002afd3d000000,0x00002afd3d000000,0x00002b014a080000)
  from space 5355008K, 9% used [0x00002b027a800000,0x00002b02999e3bb8,0x00002b03c1580000)
  to   space 4988416K, 0% used [0x00002b014a080000,0x00002b014a080000,0x00002b027a800000)
 ParOldGen       total 61440000K, used 29980767K [0x00002aee97000000, 0x00002afd3d000000, 0x00002afd3d000000)
  object space 61440000K, 48% used [0x00002aee97000000,0x00002af5bce17cf0,0x00002afd3d000000)
 Metaspace       used 218130K, capacity 226020K, committed 231168K, reserved 231424K
}
Event: 90117.471 GC heap before
{Heap before GC invocations=14025 (full 257):
 PSYoungGen      total 22345728K, used 17500558K [0x00002afd3d000000, 0x00002b03f4100000, 0x00002b0490000000)
  eden space 16990720K, 100% used [0x00002afd3d000000,0x00002b014a080000,0x00002b014a080000)
  from space 5355008K, 9% used [0x00002b027a800000,0x00002b02999e3bb8,0x00002b03c1580000)
  to   space 4988416K, 0% used [0x00002b014a080000,0x00002b014a080000,0x00002b027a800000)
 ParOldGen       total 61440000K, used 29980767K [0x00002aee97000000, 0x00002afd3d000000, 0x00002afd3d000000)
  object space 61440000K, 48% used [0x00002aee97000000,0x00002af5bce17cf0,0x00002afd3d000000)
 Metaspace       used 218130K, capacity 226020K, committed 231168K, reserved 231424K
Event: 90117.702 GC heap after
Heap after GC invocations=14025 (full 257):
 PSYoungGen      total 21979136K, used 994806K [0x00002afd3d000000, 0x00002b03d8b00000, 0x00002b0490000000)
  eden space 16990720K, 0% used [0x00002afd3d000000,0x00002afd3d000000,0x00002b014a080000)
  from space 4988416K, 19% used [0x00002b014a080000,0x00002b0186bfdaf8,0x00002b027a800000)
  to   space 4613632K, 0% used [0x00002b02bf180000,0x00002b02bf180000,0x00002b03d8b00000)
 ParOldGen       total 61440000K, used 29980767K [0x00002aee97000000, 0x00002afd3d000000, 0x00002afd3d000000)
  object space 61440000K, 48% used [0x00002aee97000000,0x00002af5bce17cf0,0x00002afd3d000000)
 Metaspace       used 218130K, capacity 226020K, committed 231168K, reserved 231424K
}

