# JRE version: Java(TM) SE Runtime Environment (8.0_172-b11) (build 1.8.0_172-b11)
# Java VM: Java HotSpot(TM) 64-Bit Server VM (25.172-b11 mixed mode linux-amd64 )
Heap:
 PSYoungGen      total 27471872K, used 8251948K [0x00002b04ae000000, 0x00002b0c01000000, 0x00002b0c01000000)
  eden space 24204288K, 34% used [0x00002b04ae000000,0x00002b06a5a8b308,0x00002b0a73500000)
  from space 3267584K, 0% used [0x00002b0b39900000,0x00002b0b39900000,0x00002b0c01000000)
  to   space 3248128K, 0% used [0x00002b0a73500000,0x00002b0a73500000,0x00002b0b39900000)
 ParOldGen       total 61440000K, used 21349444K [0x00002af608000000, 0x00002b04ae000000, 0x00002b04ae000000)
  object space 61440000K, 34% used [0x00002af608000000,0x00002afb1f1110e0,0x00002b04ae000000)
 Metaspace       used 218219K, capacity 226216K, committed 231516K, reserved 233472K
GC Heap History (10 events):
Event: 89181.131 GC heap before
{Heap before GC invocations=14018 (full 243):
 PSYoungGen      total 27679744K, used 25662588K [0x00002b04ae000000, 0x00002b0c01000000, 0x00002b0c01000000)
  eden space 24650240K, 100% used [0x00002b04ae000000,0x00002b0a8e880000,0x00002b0a8e880000)
  from space 3029504K, 33% used [0x00002b0b3e880000,0x00002b0b7c51f030,0x00002b0bf7700000)
  to   space 2883584K, 0% used [0x00002b0a8e880000,0x00002b0a8e880000,0x00002b0b3e880000)
 ParOldGen       total 61440000K, used 47940140K [0x00002af608000000, 0x00002b04ae000000, 0x00002b04ae000000)
  object space 61440000K, 78% used [0x00002af608000000,0x00002b017608b218,0x00002b04ae000000)
 Metaspace       used 218215K, capacity 226216K, committed 231516K, reserved 233472K
Event: 89181.506 GC heap after
Heap after GC invocations=14018 (full 243):
 PSYoungGen      total 27533824K, used 514239K [0x00002b04ae000000, 0x00002b0bf1a80000, 0x00002b0c01000000)
  eden space 24650240K, 0% used [0x00002b04ae000000,0x00002b04ae000000,0x00002b0a8e880000)
  from space 2883584K, 17% used [0x00002b0a8e880000,0x00002b0aadeafd58,0x00002b0b3e880000)
  to   space 2830848K, 0% used [0x00002b0b44e00000,0x00002b0b44e00000,0x00002b0bf1a80000)
 ParOldGen       total 61440000K, used 48902222K [0x00002af608000000, 0x00002b04ae000000, 0x00002b04ae000000)
  object space 61440000K, 79% used [0x00002af608000000,0x00002b01b0c13a10,0x00002b04ae000000)
 Metaspace       used 218215K, capacity 226216K, committed 231516K, reserved 233472K
}
Event: 89551.227 GC heap before
{Heap before GC invocations=14019 (full 243):
 PSYoungGen      total 27533824K, used 25164479K [0x00002b04ae000000, 0x00002b0bf1a80000, 0x00002b0c01000000)
  eden space 24650240K, 100% used [0x00002b04ae000000,0x00002b0a8e880000,0x00002b0a8e880000)
  from space 2883584K, 17% used [0x00002b0a8e880000,0x00002b0aadeafd58,0x00002b0b3e880000)
  to   space 2830848K, 0% used [0x00002b0b44e00000,0x00002b0b44e00000,0x00002b0bf1a80000)
 ParOldGen       total 61440000K, used 48902400K [0x00002af608000000, 0x00002b04ae000000, 0x00002b04ae000000)
  object space 61440000K, 79% used [0x00002af608000000,0x00002b01b0c40018,0x00002b04ae000000)
 Metaspace       used 218218K, capacity 226216K, committed 231516K, reserved 233472K
Event: 89551.789 GC heap after
Heap after GC invocations=14019 (full 243):
 PSYoungGen      total 27032064K, used 2747714K [0x00002b04ae000000, 0x00002b0c01000000, 0x00002b0c01000000)
  eden space 24201216K, 0% used [0x00002b04ae000000,0x00002b04ae000000,0x00002b0a73200000)
  from space 2830848K, 97% used [0x00002b0b44e00000,0x00002b0bec950a60,0x00002b0bf1a80000)
  to   space 3259392K, 0% used [0x00002b0a73200000,0x00002b0a73200000,0x00002b0b3a100000)
 ParOldGen       total 61440000K, used 49411797K [0x00002af608000000, 0x00002b04ae000000, 0x00002b04ae000000)
  object space 61440000K, 80% used [0x00002af608000000,0x00002b01cfdb5408,0x00002b04ae000000)
 Metaspace       used 218218K, capacity 226216K, committed 231516K, reserved 233472K
}
Event: 89570.536 GC heap before
{Heap before GC invocations=14020 (full 243):
 PSYoungGen      total 27032064K, used 26948930K [0x00002b04ae000000, 0x00002b0c01000000, 0x00002b0c01000000)
  eden space 24201216K, 100% used [0x00002b04ae000000,0x00002b0a73200000,0x00002b0a73200000)
  from space 2830848K, 97% used [0x00002b0b44e00000,0x00002b0bec950a60,0x00002b0bf1a80000)
  to   space 3259392K, 0% used [0x00002b0a73200000,0x00002b0a73200000,0x00002b0b3a100000)
 ParOldGen       total 61440000K, used 49411805K [0x00002af608000000, 0x00002b04ae000000, 0x00002b04ae000000)
  object space 61440000K, 80% used [0x00002af608000000,0x00002b01cfdb7478,0x00002b04ae000000)
 Metaspace       used 218218K, capacity 226216K, committed 231516K, reserved 233472K
Event: 89570.698 GC heap after
Heap after GC invocations=14020 (full 243):
 PSYoungGen      total 24287744K, used 86338K [0x00002b04ae000000, 0x00002b0c01000000, 0x00002b0c01000000)
  eden space 24201216K, 0% used [0x00002b04ae000000,0x00002b04ae000000,0x00002b0a73200000)
  from space 86528K, 99% used [0x00002b0a73200000,0x00002b0a78650870,0x00002b0a78680000)
  to   space 3267584K, 0% used [0x00002b0b39900000,0x00002b0b39900000,0x00002b0c01000000)
 ParOldGen       total 61440000K, used 50424888K [0x00002af608000000, 0x00002b04ae000000, 0x00002b04ae000000)
  object space 61440000K, 82% used [0x00002af608000000,0x00002b020db0e0f0,0x00002b04ae000000)
 Metaspace       used 218218K, capacity 226216K, committed 231516K, reserved 233472K
}
Event: 90005.213 GC heap before
{Heap before GC invocations=14021 (full 243):
 PSYoungGen      total 24287744K, used 15264524K [0x00002b04ae000000, 0x00002b0c01000000, 0x00002b0c01000000)
  eden space 24201216K, 62% used [0x00002b04ae000000,0x00002b084c6729e0,0x00002b0a73200000)
  from space 86528K, 99% used [0x00002b0a73200000,0x00002b0a78650870,0x00002b0a78680000)
  to   space 3267584K, 0% used [0x00002b0b39900000,0x00002b0b39900000,0x00002b0c01000000)
 ParOldGen       total 61440000K, used 50424888K [0x00002af608000000, 0x00002b04ae000000, 0x00002b04ae000000)
  object space 61440000K, 82% used [0x00002af608000000,0x00002b020db0e0f0,0x00002b04ae000000)
 Metaspace       used 218218K, capacity 226216K, committed 231516K, reserved 233472K
Event: 90005.329 GC heap after
Heap after GC invocations=14021 (full 243):
 PSYoungGen      total 27471872K, used 53945K [0x00002b04ae000000, 0x00002b0c01000000, 0x00002b0c01000000)
  eden space 24204288K, 0% used [0x00002b04ae000000,0x00002b04ae000000,0x00002b0a73500000)
  from space 3267584K, 1% used [0x00002b0b39900000,0x00002b0b3cdae730,0x00002b0c01000000)
  to   space 3248128K, 0% used [0x00002b0a73500000,0x00002b0a73500000,0x00002b0b39900000)
 ParOldGen       total 61440000K, used 50473354K [0x00002af608000000, 0x00002b04ae000000, 0x00002b04ae000000)
  object space 61440000K, 82% used [0x00002af608000000,0x00002b0210a62808,0x00002b04ae000000)
 Metaspace       used 218218K, capacity 226216K, committed 231516K, reserved 233472K
}
Event: 90005.329 GC heap before
{Heap before GC invocations=14022 (full 244):
 PSYoungGen      total 27471872K, used 53945K [0x00002b04ae000000, 0x00002b0c01000000, 0x00002b0c01000000)
  eden space 24204288K, 0% used [0x00002b04ae000000,0x00002b04ae000000,0x00002b0a73500000)
  from space 3267584K, 1% used [0x00002b0b39900000,0x00002b0b3cdae730,0x00002b0c01000000)
  to   space 3248128K, 0% used [0x00002b0a73500000,0x00002b0a73500000,0x00002b0b39900000)
 ParOldGen       total 61440000K, used 50473354K [0x00002af608000000, 0x00002b04ae000000, 0x00002b04ae000000)
  object space 61440000K, 82% used [0x00002af608000000,0x00002b0210a62808,0x00002b04ae000000)
 Metaspace       used 218218K, capacity 226216K, committed 231516K, reserved 233472K
Event: 90009.136 GC heap after
Heap after GC invocations=14022 (full 244):
 PSYoungGen      total 27471872K, used 0K [0x00002b04ae000000, 0x00002b0c01000000, 0x00002b0c01000000)
  eden space 24204288K, 0% used [0x00002b04ae000000,0x00002b04ae000000,0x00002b0a73500000)
  from space 3267584K, 0% used [0x00002b0b39900000,0x00002b0b39900000,0x00002b0c01000000)
  to   space 3248128K, 0% used [0x00002b0a73500000,0x00002b0a73500000,0x00002b0b39900000)
 ParOldGen       total 61440000K, used 21349444K [0x00002af608000000, 0x00002b04ae000000, 0x00002b04ae000000)
  object space 61440000K, 34% used [0x00002af608000000,0x00002afb1f1110e0,0x00002b04ae000000)
 Metaspace       used 218218K, capacity 226216K, committed 231516K, reserved 233472K
}

