# JRE version: Java(TM) SE Runtime Environment (8.0_172-b11) (build 1.8.0_172-b11)
# Java VM: Java HotSpot(TM) 64-Bit Server VM (25.172-b11 mixed mode linux-amd64 )
Heap:
 PSYoungGen      total 12860928K, used 1626354K [0x00002b482d000000, 0x00002b4eb1d00000, 0x00002b4f80000000)
  eden space 12256256K, 13% used [0x00002b482d000000,0x00002b489043c958,0x00002b4b19100000)
  from space 604672K, 0% used [0x00002b4b19100000,0x00002b4b19100000,0x00002b4b3df80000)
  to   space 7542784K, 0% used [0x00002b4ce5700000,0x00002b4ce5700000,0x00002b4eb1d00000)
 ParOldGen       total 61440000K, used 45063355K [0x00002b3987000000, 0x00002b482d000000, 0x00002b482d000000)
  object space 61440000K, 73% used [0x00002b3987000000,0x00002b444572ef60,0x00002b482d000000)
 Metaspace       used 217628K, capacity 225571K, committed 231516K, reserved 233472K
GC Heap History (10 events):
Event: 89733.854 GC heap before
{Heap before GC invocations=13962 (full 240):
 PSYoungGen      total 10708480K, used 10708127K [0x00002b482d000000, 0x00002b4f3fd00000, 0x00002b4f80000000)
  eden space 10240000K, 100% used [0x00002b482d000000,0x00002b4a9e000000,0x00002b4a9e000000)
  from space 468480K, 99% used [0x00002b4a9e000000,0x00002b4aba927ca8,0x00002b4aba980000)
  to   space 9714176K, 0% used [0x00002b4ceee80000,0x00002b4ceee80000,0x00002b4f3fd00000)
 ParOldGen       total 61440000K, used 43967528K [0x00002b3987000000, 0x00002b482d000000, 0x00002b482d000000)
  object space 61440000K, 71% used [0x00002b3987000000,0x00002b440290a3c8,0x00002b482d000000)
 Metaspace       used 217628K, capacity 225571K, committed 231516K, reserved 233472K
Event: 89734.046 GC heap after
Heap after GC invocations=13962 (full 240):
 PSYoungGen      total 20526080K, used 499805K [0x00002b482d000000, 0x00002b4f57400000, 0x00002b4f80000000)
  eden space 10811904K, 0% used [0x00002b482d000000,0x00002b482d000000,0x00002b4ac0e80000)
  from space 9714176K, 5% used [0x00002b4ceee80000,0x00002b4d0d697608,0x00002b4f3fd00000)
  to   space 9142272K, 0% used [0x00002b4ac0e80000,0x00002b4ac0e80000,0x00002b4ceee80000)
 ParOldGen       total 61440000K, used 44218101K [0x00002b3987000000, 0x00002b482d000000, 0x00002b482d000000)
  object space 61440000K, 71% used [0x00002b3987000000,0x00002b4411dbd690,0x00002b482d000000)
 Metaspace       used 217628K, capacity 225571K, committed 231516K, reserved 233472K
}
Event: 89942.917 GC heap before
{Heap before GC invocations=13963 (full 240):
 PSYoungGen      total 20526080K, used 11311709K [0x00002b482d000000, 0x00002b4f57400000, 0x00002b4f80000000)
  eden space 10811904K, 100% used [0x00002b482d000000,0x00002b4ac0e80000,0x00002b4ac0e80000)
  from space 9714176K, 5% used [0x00002b4ceee80000,0x00002b4d0d697608,0x00002b4f3fd00000)
  to   space 9142272K, 0% used [0x00002b4ac0e80000,0x00002b4ac0e80000,0x00002b4ceee80000)
 ParOldGen       total 61440000K, used 44218101K [0x00002b3987000000, 0x00002b482d000000, 0x00002b482d000000)
  object space 61440000K, 71% used [0x00002b3987000000,0x00002b4411dbd690,0x00002b482d000000)
 Metaspace       used 217628K, capacity 225571K, committed 231516K, reserved 233472K
Event: 89943.353 GC heap after
Heap after GC invocations=13963 (full 240):
 PSYoungGen      total 19954176K, used 2242735K [0x00002b482d000000, 0x00002b4f1be80000, 0x00002b4f80000000)
  eden space 10811904K, 0% used [0x00002b482d000000,0x00002b482d000000,0x00002b4ac0e80000)
  from space 9142272K, 24% used [0x00002b4ac0e80000,0x00002b4b49cabd90,0x00002b4ceee80000)
  to   space 8608256K, 0% used [0x00002b4d0e800000,0x00002b4d0e800000,0x00002b4f1be80000)
 ParOldGen       total 61440000K, used 44711291K [0x00002b3987000000, 0x00002b482d000000, 0x00002b482d000000)
  object space 61440000K, 72% used [0x00002b3987000000,0x00002b442ff5ee90,0x00002b482d000000)
 Metaspace       used 217628K, capacity 225571K, committed 231516K, reserved 233472K
}
Event: 89991.375 GC heap before
{Heap before GC invocations=13964 (full 240):
 PSYoungGen      total 19954176K, used 13054639K [0x00002b482d000000, 0x00002b4f1be80000, 0x00002b4f80000000)
  eden space 10811904K, 100% used [0x00002b482d000000,0x00002b4ac0e80000,0x00002b4ac0e80000)
  from space 9142272K, 24% used [0x00002b4ac0e80000,0x00002b4b49cabd90,0x00002b4ceee80000)
  to   space 8608256K, 0% used [0x00002b4d0e800000,0x00002b4d0e800000,0x00002b4f1be80000)
 ParOldGen       total 61440000K, used 44711291K [0x00002b3987000000, 0x00002b482d000000, 0x00002b482d000000)
  object space 61440000K, 72% used [0x00002b3987000000,0x00002b442ff5ee90,0x00002b482d000000)
 Metaspace       used 217628K, capacity 225571K, committed 231516K, reserved 233472K
Event: 89991.861 GC heap after
Heap after GC invocations=13964 (full 240):
 PSYoungGen      total 20021248K, used 1307459K [0x00002b482d000000, 0x00002b4ee8700000, 0x00002b4f80000000)
  eden space 12256256K, 0% used [0x00002b482d000000,0x00002b482d000000,0x00002b4b19100000)
  from space 7764992K, 16% used [0x00002b4d0e800000,0x00002b4d5e4d0d08,0x00002b4ee8700000)
  to   space 7990272K, 0% used [0x00002b4b19100000,0x00002b4b19100000,0x00002b4d00c00000)
 ParOldGen       total 61440000K, used 46820386K [0x00002b3987000000, 0x00002b482d000000, 0x00002b482d000000)
  object space 61440000K, 76% used [0x00002b3987000000,0x00002b44b0b08b58,0x00002b482d000000)
 Metaspace       used 217628K, capacity 225571K, committed 231516K, reserved 233472K
}
Event: 90005.184 GC heap before
{Heap before GC invocations=13965 (full 240):
 PSYoungGen      total 20021248K, used 12218869K [0x00002b482d000000, 0x00002b4ee8700000, 0x00002b4f80000000)
  eden space 12256256K, 89% used [0x00002b482d000000,0x00002b4ac6facad0,0x00002b4b19100000)
  from space 7764992K, 16% used [0x00002b4d0e800000,0x00002b4d5e4d0d08,0x00002b4ee8700000)
  to   space 7990272K, 0% used [0x00002b4b19100000,0x00002b4b19100000,0x00002b4d00c00000)
 ParOldGen       total 61440000K, used 46820386K [0x00002b3987000000, 0x00002b482d000000, 0x00002b482d000000)
  object space 61440000K, 76% used [0x00002b3987000000,0x00002b44b0b08b58,0x00002b482d000000)
 Metaspace       used 217628K, capacity 225571K, committed 231516K, reserved 233472K
Event: 90005.476 GC heap after
Heap after GC invocations=13965 (full 240):
 PSYoungGen      total 12860928K, used 604412K [0x00002b482d000000, 0x00002b4eb1d00000, 0x00002b4f80000000)
  eden space 12256256K, 0% used [0x00002b482d000000,0x00002b482d000000,0x00002b4b19100000)
  from space 604672K, 99% used [0x00002b4b19100000,0x00002b4b3df3f3e0,0x00002b4b3df80000)
  to   space 7542784K, 0% used [0x00002b4ce5700000,0x00002b4ce5700000,0x00002b4eb1d00000)
 ParOldGen       total 61440000K, used 47907022K [0x00002b3987000000, 0x00002b482d000000, 0x00002b482d000000)
  object space 61440000K, 77% used [0x00002b3987000000,0x00002b44f30339c0,0x00002b482d000000)
 Metaspace       used 217628K, capacity 225571K, committed 231516K, reserved 233472K
}
Event: 90005.476 GC heap before
{Heap before GC invocations=13966 (full 241):
 PSYoungGen      total 12860928K, used 604412K [0x00002b482d000000, 0x00002b4eb1d00000, 0x00002b4f80000000)
  eden space 12256256K, 0% used [0x00002b482d000000,0x00002b482d000000,0x00002b4b19100000)
  from space 604672K, 99% used [0x00002b4b19100000,0x00002b4b3df3f3e0,0x00002b4b3df80000)
  to   space 7542784K, 0% used [0x00002b4ce5700000,0x00002b4ce5700000,0x00002b4eb1d00000)
 ParOldGen       total 61440000K, used 47907022K [0x00002b3987000000, 0x00002b482d000000, 0x00002b482d000000)
  object space 61440000K, 77% used [0x00002b3987000000,0x00002b44f30339c0,0x00002b482d000000)
 Metaspace       used 217628K, capacity 225571K, committed 231516K, reserved 233472K
Event: 90010.446 GC heap after
Heap after GC invocations=13966 (full 241):
 PSYoungGen      total 12860928K, used 0K [0x00002b482d000000, 0x00002b4eb1d00000, 0x00002b4f80000000)
  eden space 12256256K, 0% used [0x00002b482d000000,0x00002b482d000000,0x00002b4b19100000)
  from space 604672K, 0% used [0x00002b4b19100000,0x00002b4b19100000,0x00002b4b3df80000)
  to   space 7542784K, 0% used [0x00002b4ce5700000,0x00002b4ce5700000,0x00002b4eb1d00000)
 ParOldGen       total 61440000K, used 45063355K [0x00002b3987000000, 0x00002b482d000000, 0x00002b482d000000)
  object space 61440000K, 73% used [0x00002b3987000000,0x00002b444572ef60,0x00002b482d000000)
 Metaspace       used 217628K, capacity 225571K, committed 231516K, reserved 233472K
}

