# JRE version: Java(TM) SE Runtime Environment (8.0_172-b11) (build 1.8.0_172-b11)
# Java VM: Java HotSpot(TM) 64-Bit Server VM (25.172-b11 mixed mode linux-amd64 )
Heap:
 PSYoungGen      total 30299648K, used 4289789K [0x00002afb9d000000, 0x00002b02f0000000, 0x00002b02f0000000)
  eden space 29879296K, 13% used [0x00002afb9d000000,0x00002afc9a39e470,0x00002b02bcb00000)
  from space 420352K, 33% used [0x00002b02bcb00000,0x00002b02c54a1388,0x00002b02d6580000)
  to   space 401408K, 0% used [0x00002b02d7800000,0x00002b02d7800000,0x00002b02f0000000)
 ParOldGen       total 7526912K, used 3206397K [0x00002aecf7000000, 0x00002aeec2680000, 0x00002afb9d000000)
  object space 7526912K, 42% used [0x00002aecf7000000,0x00002aedbab3f778,0x00002aeec2680000)
 Metaspace       used 124389K, capacity 136597K, committed 137728K, reserved 139264K
GC Heap History (10 events):
Event: 14222.316 GC heap before
{Heap before GC invocations=915 (full 20):
 PSYoungGen      total 30386176K, used 30323591K [0x00002afb9d000000, 0x00002b02f0000000, 0x00002b02f0000000)
  eden space 30097408K, 100% used [0x00002afb9d000000,0x00002b02ca000000,0x00002b02ca000000)
  from space 288768K, 78% used [0x00002b02de600000,0x00002b02ec2e1d90,0x00002b02f0000000)
  to   space 311296K, 0% used [0x00002b02ca000000,0x00002b02ca000000,0x00002b02dd000000)
 ParOldGen       total 7526912K, used 3164248K [0x00002aecf7000000, 0x00002aeec2680000, 0x00002afb9d000000)
  object space 7526912K, 42% used [0x00002aecf7000000,0x00002aedb8216068,0x00002aeec2680000)
 Metaspace       used 124389K, capacity 136597K, committed 137728K, reserved 139264K
Event: 14222.356 GC heap after
Heap after GC invocations=915 (full 20):
 PSYoungGen      total 30286336K, used 188703K [0x00002afb9d000000, 0x00002b02f0000000, 0x00002b02f0000000)
  eden space 30097408K, 0% used [0x00002afb9d000000,0x00002afb9d000000,0x00002b02ca000000)
  from space 188928K, 99% used [0x00002b02ca000000,0x00002b02d5847ea0,0x00002b02d5880000)
  to   space 314880K, 0% used [0x00002b02dcc80000,0x00002b02dcc80000,0x00002b02f0000000)
 ParOldGen       total 7526912K, used 3164384K [0x00002aecf7000000, 0x00002aeec2680000, 0x00002afb9d000000)
  object space 7526912K, 42% used [0x00002aecf7000000,0x00002aedb8238068,0x00002aeec2680000)
 Metaspace       used 124389K, capacity 136597K, committed 137728K, reserved 139264K
}
Event: 14240.002 GC heap before
{Heap before GC invocations=916 (full 20):
 PSYoungGen      total 30286336K, used 30286111K [0x00002afb9d000000, 0x00002b02f0000000, 0x00002b02f0000000)
  eden space 30097408K, 100% used [0x00002afb9d000000,0x00002b02ca000000,0x00002b02ca000000)
  from space 188928K, 99% used [0x00002b02ca000000,0x00002b02d5847ea0,0x00002b02d5880000)
  to   space 314880K, 0% used [0x00002b02dcc80000,0x00002b02dcc80000,0x00002b02f0000000)
 ParOldGen       total 7526912K, used 3164384K [0x00002aecf7000000, 0x00002aeec2680000, 0x00002afb9d000000)
  object space 7526912K, 42% used [0x00002aecf7000000,0x00002aedb8238068,0x00002aeec2680000)
 Metaspace       used 124389K, capacity 136597K, committed 137728K, reserved 139264K
Event: 14240.085 GC heap after
Heap after GC invocations=916 (full 20):
 PSYoungGen      total 30294528K, used 314864K [0x00002afb9d000000, 0x00002b02f0000000, 0x00002b02f0000000)
  eden space 29979648K, 0% used [0x00002afb9d000000,0x00002afb9d000000,0x00002b02c2d00000)
  from space 314880K, 99% used [0x00002b02dcc80000,0x00002b02efffc020,0x00002b02f0000000)
  to   space 370176K, 0% used [0x00002b02c2d00000,0x00002b02c2d00000,0x00002b02d9680000)
 ParOldGen       total 7526912K, used 3182375K [0x00002aecf7000000, 0x00002aeec2680000, 0x00002afb9d000000)
  object space 7526912K, 42% used [0x00002aecf7000000,0x00002aedb93c9c30,0x00002aeec2680000)
 Metaspace       used 124389K, capacity 136597K, committed 137728K, reserved 139264K
}
Event: 14256.347 GC heap before
{Heap before GC invocations=917 (full 20):
 PSYoungGen      total 30294528K, used 30294512K [0x00002afb9d000000, 0x00002b02f0000000, 0x00002b02f0000000)
  eden space 29979648K, 100% used [0x00002afb9d000000,0x00002b02c2d00000,0x00002b02c2d00000)
  from space 314880K, 99% used [0x00002b02dcc80000,0x00002b02efffc020,0x00002b02f0000000)
  to   space 370176K, 0% used [0x00002b02c2d00000,0x00002b02c2d00000,0x00002b02d9680000)
 ParOldGen       total 7526912K, used 3182375K [0x00002aecf7000000, 0x00002aeec2680000, 0x00002afb9d000000)
  object space 7526912K, 42% used [0x00002aecf7000000,0x00002aedb93c9c30,0x00002aeec2680000)
 Metaspace       used 124389K, capacity 136597K, committed 137728K, reserved 139264K
Event: 14256.423 GC heap after
Heap after GC invocations=917 (full 20):
 PSYoungGen      total 30349824K, used 370160K [0x00002afb9d000000, 0x00002b02f0000000, 0x00002b02f0000000)
  eden space 29979648K, 0% used [0x00002afb9d000000,0x00002afb9d000000,0x00002b02c2d00000)
  from space 370176K, 99% used [0x00002b02c2d00000,0x00002b02d967c2e0,0x00002b02d9680000)
  to   space 370176K, 0% used [0x00002b02d9680000,0x00002b02d9680000,0x00002b02f0000000)
 ParOldGen       total 7526912K, used 3206165K [0x00002aecf7000000, 0x00002aeec2680000, 0x00002afb9d000000)
  object space 7526912K, 42% used [0x00002aecf7000000,0x00002aedbab05760,0x00002aeec2680000)
 Metaspace       used 124389K, capacity 136597K, committed 137728K, reserved 139264K
}
Event: 14273.342 GC heap before
{Heap before GC invocations=918 (full 20):
 PSYoungGen      total 30349824K, used 30349808K [0x00002afb9d000000, 0x00002b02f0000000, 0x00002b02f0000000)
  eden space 29979648K, 100% used [0x00002afb9d000000,0x00002b02c2d00000,0x00002b02c2d00000)
  from space 370176K, 99% used [0x00002b02c2d00000,0x00002b02d967c2e0,0x00002b02d9680000)
  to   space 370176K, 0% used [0x00002b02d9680000,0x00002b02d9680000,0x00002b02f0000000)
 ParOldGen       total 7526912K, used 3206165K [0x00002aecf7000000, 0x00002aeec2680000, 0x00002afb9d000000)
  object space 7526912K, 42% used [0x00002aecf7000000,0x00002aedbab05760,0x00002aeec2680000)
 Metaspace       used 124389K, capacity 136597K, committed 137728K, reserved 139264K
Event: 14273.402 GC heap after
Heap after GC invocations=918 (full 20):
 PSYoungGen      total 30249472K, used 124384K [0x00002afb9d000000, 0x00002b02f0000000, 0x00002b02f0000000)
  eden space 29879296K, 0% used [0x00002afb9d000000,0x00002afb9d000000,0x00002b02bcb00000)
  from space 370176K, 33% used [0x00002b02d9680000,0x00002b02e0ff83e0,0x00002b02f0000000)
  to   space 420352K, 0% used [0x00002b02bcb00000,0x00002b02bcb00000,0x00002b02d6580000)
 ParOldGen       total 7526912K, used 3206397K [0x00002aecf7000000, 0x00002aeec2680000, 0x00002afb9d000000)
  object space 7526912K, 42% used [0x00002aecf7000000,0x00002aedbab3f778,0x00002aeec2680000)
 Metaspace       used 124389K, capacity 136597K, committed 137728K, reserved 139264K
}
Event: 14289.784 GC heap before
{Heap before GC invocations=919 (full 20):
 PSYoungGen      total 30249472K, used 30003680K [0x00002afb9d000000, 0x00002b02f0000000, 0x00002b02f0000000)
  eden space 29879296K, 100% used [0x00002afb9d000000,0x00002b02bcb00000,0x00002b02bcb00000)
  from space 370176K, 33% used [0x00002b02d9680000,0x00002b02e0ff83e0,0x00002b02f0000000)
  to   space 420352K, 0% used [0x00002b02bcb00000,0x00002b02bcb00000,0x00002b02d6580000)
 ParOldGen       total 7526912K, used 3206397K [0x00002aecf7000000, 0x00002aeec2680000, 0x00002afb9d000000)
  object space 7526912K, 42% used [0x00002aecf7000000,0x00002aedbab3f778,0x00002aeec2680000)
 Metaspace       used 124389K, capacity 136597K, committed 137728K, reserved 139264K
Event: 14289.819 GC heap after
Heap after GC invocations=919 (full 20):
 PSYoungGen      total 30299648K, used 140932K [0x00002afb9d000000, 0x00002b02f0000000, 0x00002b02f0000000)
  eden space 29879296K, 0% used [0x00002afb9d000000,0x00002afb9d000000,0x00002b02bcb00000)
  from space 420352K, 33% used [0x00002b02bcb00000,0x00002b02c54a1388,0x00002b02d6580000)
  to   space 401408K, 0% used [0x00002b02d7800000,0x00002b02d7800000,0x00002b02f0000000)
 ParOldGen       total 7526912K, used 3206397K [0x00002aecf7000000, 0x00002aeec2680000, 0x00002afb9d000000)
  object space 7526912K, 42% used [0x00002aecf7000000,0x00002aedbab3f778,0x00002aeec2680000)
 Metaspace       used 124389K, capacity 136597K, committed 137728K, reserved 139264K
}

