# JRE version: Java(TM) SE Runtime Environment (8.0_172-b11) (build 1.8.0_172-b11)
# Java VM: Java HotSpot(TM) 64-Bit Server VM (25.172-b11 mixed mode linux-amd64 )
Heap:
 PSYoungGen      total 29198848K, used 21456004K [0x00002ae6fd000000, 0x00002aee4fa00000, 0x00002aee50000000)
  eden space 27668992K, 75% used [0x00002ae6fd000000,0x00002aebf9d84d40,0x00002aed95c80000)
  from space 1529856K, 35% used [0x00002aedf2400000,0x00002aee12f9c2e8,0x00002aee4fa00000)
  to   space 1515008K, 0% used [0x00002aed95c80000,0x00002aed95c80000,0x00002aedf2400000)
 ParOldGen       total 9708032K, used 3196083K [0x00002ad857000000, 0x00002adaa7880000, 0x00002ae6fd000000)
  object space 9708032K, 32% used [0x00002ad857000000,0x00002ad91a12cdc8,0x00002adaa7880000)
 Metaspace       used 124198K, capacity 136431K, committed 136960K, reserved 137216K
GC Heap History (10 events):
Event: 14291.119 GC heap before
{Heap before GC invocations=842 (full 22):
 PSYoungGen      total 28057088K, used 28056958K [0x00002ae6fd000000, 0x00002aee49f80000, 0x00002aee50000000)
  eden space 27254784K, 100% used [0x00002ae6fd000000,0x00002aed7c800000,0x00002aed7c800000)
  from space 802304K, 99% used [0x00002aed7c800000,0x00002aedad75fa68,0x00002aedad780000)
  to   space 1660928K, 0% used [0x00002aede4980000,0x00002aede4980000,0x00002aee49f80000)
 ParOldGen       total 9708032K, used 2560520K [0x00002ad857000000, 0x00002adaa7880000, 0x00002ae6fd000000)
  object space 9708032K, 26% used [0x00002ad857000000,0x00002ad8f3482350,0x00002adaa7880000)
 Metaspace       used 124198K, capacity 136431K, committed 136960K, reserved 137216K
Event: 14291.241 GC heap after
Heap after GC invocations=842 (full 22):
 PSYoungGen      total 29035520K, used 852606K [0x00002ae6fd000000, 0x00002aee50000000, 0x00002aee50000000)
  eden space 27374592K, 0% used [0x00002ae6fd000000,0x00002ae6fd000000,0x00002aed83d00000)
  from space 1660928K, 51% used [0x00002aede4980000,0x00002aee18a1f938,0x00002aee49f80000)
  to   space 1585664K, 0% used [0x00002aed83d00000,0x00002aed83d00000,0x00002aede4980000)
 ParOldGen       total 9708032K, used 2560624K [0x00002ad857000000, 0x00002adaa7880000, 0x00002ae6fd000000)
  object space 9708032K, 26% used [0x00002ad857000000,0x00002ad8f349c350,0x00002adaa7880000)
 Metaspace       used 124198K, capacity 136431K, committed 136960K, reserved 137216K
}
Event: 14307.980 GC heap before
{Heap before GC invocations=843 (full 22):
 PSYoungGen      total 29035520K, used 28227198K [0x00002ae6fd000000, 0x00002aee50000000, 0x00002aee50000000)
  eden space 27374592K, 100% used [0x00002ae6fd000000,0x00002aed83d00000,0x00002aed83d00000)
  from space 1660928K, 51% used [0x00002aede4980000,0x00002aee18a1f938,0x00002aee49f80000)
  to   space 1585664K, 0% used [0x00002aed83d00000,0x00002aed83d00000,0x00002aede4980000)
 ParOldGen       total 9708032K, used 2560624K [0x00002ad857000000, 0x00002adaa7880000, 0x00002ae6fd000000)
  object space 9708032K, 26% used [0x00002ad857000000,0x00002ad8f349c350,0x00002adaa7880000)
 Metaspace       used 124198K, capacity 136431K, committed 136960K, reserved 137216K
Event: 14308.137 GC heap after
Heap after GC invocations=843 (full 22):
 PSYoungGen      total 28960256K, used 1015946K [0x00002ae6fd000000, 0x00002aee49380000, 0x00002aee50000000)
  eden space 27374592K, 0% used [0x00002ae6fd000000,0x00002ae6fd000000,0x00002aed83d00000)
  from space 1585664K, 64% used [0x00002aed83d00000,0x00002aedc1d22b40,0x00002aede4980000)
  to   space 1567744K, 0% used [0x00002aede9880000,0x00002aede9880000,0x00002aee49380000)
 ParOldGen       total 9708032K, used 2560728K [0x00002ad857000000, 0x00002adaa7880000, 0x00002ae6fd000000)
  object space 9708032K, 26% used [0x00002ad857000000,0x00002ad8f34b6350,0x00002adaa7880000)
 Metaspace       used 124198K, capacity 136431K, committed 136960K, reserved 137216K
}
Event: 14328.014 GC heap before
{Heap before GC invocations=844 (full 22):
 PSYoungGen      total 28960256K, used 28390538K [0x00002ae6fd000000, 0x00002aee49380000, 0x00002aee50000000)
  eden space 27374592K, 100% used [0x00002ae6fd000000,0x00002aed83d00000,0x00002aed83d00000)
  from space 1585664K, 64% used [0x00002aed83d00000,0x00002aedc1d22b40,0x00002aede4980000)
  to   space 1567744K, 0% used [0x00002aede9880000,0x00002aede9880000,0x00002aee49380000)
 ParOldGen       total 9708032K, used 2560728K [0x00002ad857000000, 0x00002adaa7880000, 0x00002ae6fd000000)
  object space 9708032K, 26% used [0x00002ad857000000,0x00002ad8f34b6350,0x00002adaa7880000)
 Metaspace       used 124198K, capacity 136431K, committed 136960K, reserved 137216K
Event: 14328.106 GC heap after
Heap after GC invocations=844 (full 22):
 PSYoungGen      total 29066752K, used 881622K [0x00002ae6fd000000, 0x00002aee46a80000, 0x00002aee50000000)
  eden space 27540992K, 0% used [0x00002ae6fd000000,0x00002ae6fd000000,0x00002aed8df80000)
  from space 1525760K, 57% used [0x00002aede9880000,0x00002aee1f5759e8,0x00002aee46a80000)
  to   space 1500160K, 0% used [0x00002aed8df80000,0x00002aed8df80000,0x00002aede9880000)
 ParOldGen       total 9708032K, used 2560848K [0x00002ad857000000, 0x00002adaa7880000, 0x00002ae6fd000000)
  object space 9708032K, 26% used [0x00002ad857000000,0x00002ad8f34d4350,0x00002adaa7880000)
 Metaspace       used 124198K, capacity 136431K, committed 136960K, reserved 137216K
}
Event: 14347.292 GC heap before
{Heap before GC invocations=845 (full 22):
 PSYoungGen      total 29066752K, used 28422614K [0x00002ae6fd000000, 0x00002aee46a80000, 0x00002aee50000000)
  eden space 27540992K, 100% used [0x00002ae6fd000000,0x00002aed8df80000,0x00002aed8df80000)
  from space 1525760K, 57% used [0x00002aede9880000,0x00002aee1f5759e8,0x00002aee46a80000)
  to   space 1500160K, 0% used [0x00002aed8df80000,0x00002aed8df80000,0x00002aede9880000)
 ParOldGen       total 9708032K, used 2560848K [0x00002ad857000000, 0x00002adaa7880000, 0x00002ae6fd000000)
  object space 9708032K, 26% used [0x00002ad857000000,0x00002ad8f34d4350,0x00002adaa7880000)
 Metaspace       used 124198K, capacity 136431K, committed 136960K, reserved 137216K
Event: 14347.420 GC heap after
Heap after GC invocations=845 (full 22):
 PSYoungGen      total 29041152K, used 314965K [0x00002ae6fd000000, 0x00002aee50000000, 0x00002aee50000000)
  eden space 27540992K, 0% used [0x00002ae6fd000000,0x00002ae6fd000000,0x00002aed8df80000)
  from space 1500160K, 20% used [0x00002aed8df80000,0x00002aeda1315780,0x00002aede9880000)
  to   space 1536000K, 0% used [0x00002aedf2400000,0x00002aedf2400000,0x00002aee50000000)
 ParOldGen       total 9708032K, used 3191335K [0x00002ad857000000, 0x00002adaa7880000, 0x00002ae6fd000000)
  object space 9708032K, 32% used [0x00002ad857000000,0x00002ad919c89d50,0x00002adaa7880000)
 Metaspace       used 124198K, capacity 136431K, committed 136960K, reserved 137216K
}
Event: 14367.388 GC heap before
{Heap before GC invocations=846 (full 22):
 PSYoungGen      total 29041152K, used 27855957K [0x00002ae6fd000000, 0x00002aee50000000, 0x00002aee50000000)
  eden space 27540992K, 100% used [0x00002ae6fd000000,0x00002aed8df80000,0x00002aed8df80000)
  from space 1500160K, 20% used [0x00002aed8df80000,0x00002aeda1315780,0x00002aede9880000)
  to   space 1536000K, 0% used [0x00002aedf2400000,0x00002aedf2400000,0x00002aee50000000)
 ParOldGen       total 9708032K, used 3191335K [0x00002ad857000000, 0x00002adaa7880000, 0x00002ae6fd000000)
  object space 9708032K, 32% used [0x00002ad857000000,0x00002ad919c89d50,0x00002adaa7880000)
 Metaspace       used 124198K, capacity 136431K, committed 136960K, reserved 137216K
Event: 14367.458 GC heap after
Heap after GC invocations=846 (full 22):
 PSYoungGen      total 29198848K, used 536176K [0x00002ae6fd000000, 0x00002aee4fa00000, 0x00002aee50000000)
  eden space 27668992K, 0% used [0x00002ae6fd000000,0x00002ae6fd000000,0x00002aed95c80000)
  from space 1529856K, 35% used [0x00002aedf2400000,0x00002aee12f9c2e8,0x00002aee4fa00000)
  to   space 1515008K, 0% used [0x00002aed95c80000,0x00002aed95c80000,0x00002aedf2400000)
 ParOldGen       total 9708032K, used 3196083K [0x00002ad857000000, 0x00002adaa7880000, 0x00002ae6fd000000)
  object space 9708032K, 32% used [0x00002ad857000000,0x00002ad91a12cdc8,0x00002adaa7880000)
 Metaspace       used 124198K, capacity 136431K, committed 136960K, reserved 137216K
}

