# JRE version: Java(TM) SE Runtime Environment (8.0_172-b11) (build 1.8.0_172-b11)
# Java VM: Java HotSpot(TM) 64-Bit Server VM (25.172-b11 mixed mode linux-amd64 )
Heap:
 PSYoungGen      total 19382784K, used 11090101K [0x00002af111000000, 0x00002af6b9400000, 0x00002af864000000)
  eden space 19361792K, 57% used [0x00002af111000000,0x00002af3b49dff90,0x00002af5aec00000)
  from space 20992K, 99% used [0x00002af5be200000,0x00002af5bf64d778,0x00002af5bf680000)
  to   space 2183168K, 0% used [0x00002af634000000,0x00002af634000000,0x00002af6b9400000)
 ParOldGen       total 61440000K, used 4647837K [0x00002ae26b000000, 0x00002af111000000, 0x00002af111000000)
  object space 61440000K, 7% used [0x00002ae26b000000,0x00002ae386ae74a8,0x00002af111000000)
 Metaspace       used 237586K, capacity 246467K, committed 251396K, reserved 251904K
GC Heap History (10 events):
Event: 90005.189 GC heap before
{Heap before GC invocations=14125 (full 239):
 PSYoungGen      total 20151296K, used 412703K [0x00002af111000000, 0x00002af737b00000, 0x00002af864000000)
  eden space 20134912K, 1% used [0x00002af111000000,0x00002af129366698,0x00002af5ddf00000)
  from space 16384K, 97% used [0x00002af5ee680000,0x00002af5ef621768,0x00002af5ef680000)
  to   space 2832384K, 0% used [0x00002af68ad00000,0x00002af68ad00000,0x00002af737b00000)
 ParOldGen       total 61440000K, used 36461669K [0x00002ae26b000000, 0x00002af111000000, 0x00002af111000000)
  object space 61440000K, 59% used [0x00002ae26b000000,0x00002aeb1c719468,0x00002af111000000)
 Metaspace       used 239650K, capacity 251227K, committed 251396K, reserved 251904K
Event: 90005.277 GC heap after
Heap after GC invocations=14125 (full 239):
 PSYoungGen      total 22623232K, used 18372K [0x00002af111000000, 0x00002af722b00000, 0x00002af864000000)
  eden space 20134912K, 0% used [0x00002af111000000,0x00002af111000000,0x00002af5ddf00000)
  from space 2488320K, 0% used [0x00002af68ad00000,0x00002af68bef10c8,0x00002af722b00000)
  to   space 2660352K, 0% used [0x00002af5ddf00000,0x00002af5ddf00000,0x00002af680500000)
 ParOldGen       total 61440000K, used 36461669K [0x00002ae26b000000, 0x00002af111000000, 0x00002af111000000)
  object space 61440000K, 59% used [0x00002ae26b000000,0x00002aeb1c719468,0x00002af111000000)
 Metaspace       used 239650K, capacity 251227K, committed 251396K, reserved 251904K
}
Event: 90005.277 GC heap before
{Heap before GC invocations=14126 (full 240):
 PSYoungGen      total 22623232K, used 18372K [0x00002af111000000, 0x00002af722b00000, 0x00002af864000000)
  eden space 20134912K, 0% used [0x00002af111000000,0x00002af111000000,0x00002af5ddf00000)
  from space 2488320K, 0% used [0x00002af68ad00000,0x00002af68bef10c8,0x00002af722b00000)
  to   space 2660352K, 0% used [0x00002af5ddf00000,0x00002af5ddf00000,0x00002af680500000)
 ParOldGen       total 61440000K, used 36461669K [0x00002ae26b000000, 0x00002af111000000, 0x00002af111000000)
  object space 61440000K, 59% used [0x00002ae26b000000,0x00002aeb1c719468,0x00002af111000000)
 Metaspace       used 239650K, capacity 251227K, committed 251396K, reserved 251904K
Event: 90009.046 GC heap after
Heap after GC invocations=14126 (full 240):
 PSYoungGen      total 22623232K, used 0K [0x00002af111000000, 0x00002af722b00000, 0x00002af864000000)
  eden space 20134912K, 0% used [0x00002af111000000,0x00002af111000000,0x00002af5ddf00000)
  from space 2488320K, 0% used [0x00002af68ad00000,0x00002af68ad00000,0x00002af722b00000)
  to   space 2660352K, 0% used [0x00002af5ddf00000,0x00002af5ddf00000,0x00002af680500000)
 ParOldGen       total 61440000K, used 4647837K [0x00002ae26b000000, 0x00002af111000000, 0x00002af111000000)
  object space 61440000K, 7% used [0x00002ae26b000000,0x00002ae386ae74a8,0x00002af111000000)
 Metaspace       used 237574K, capacity 246442K, committed 251396K, reserved 251904K
}
Event: 90070.618 GC heap before
{Heap before GC invocations=14127 (full 240):
 PSYoungGen      total 22623232K, used 20134912K [0x00002af111000000, 0x00002af722b00000, 0x00002af864000000)
  eden space 20134912K, 100% used [0x00002af111000000,0x00002af5ddf00000,0x00002af5ddf00000)
  from space 2488320K, 0% used [0x00002af68ad00000,0x00002af68ad00000,0x00002af722b00000)
  to   space 2660352K, 0% used [0x00002af5ddf00000,0x00002af5ddf00000,0x00002af680500000)
 ParOldGen       total 61440000K, used 4647837K [0x00002ae26b000000, 0x00002af111000000, 0x00002af111000000)
  object space 61440000K, 7% used [0x00002ae26b000000,0x00002ae386ae74a8,0x00002af111000000)
 Metaspace       used 237574K, capacity 246442K, committed 251396K, reserved 251904K
Event: 90070.703 GC heap after
Heap after GC invocations=14127 (full 240):
 PSYoungGen      total 19889152K, used 17800K [0x00002af111000000, 0x00002af6fe680000, 0x00002af864000000)
  eden space 19871232K, 0% used [0x00002af111000000,0x00002af111000000,0x00002af5cdd80000)
  from space 17920K, 99% used [0x00002af5ddf00000,0x00002af5df062248,0x00002af5df080000)
  to   space 2494976K, 0% used [0x00002af666200000,0x00002af666200000,0x00002af6fe680000)
 ParOldGen       total 61440000K, used 4647837K [0x00002ae26b000000, 0x00002af111000000, 0x00002af111000000)
  object space 61440000K, 7% used [0x00002ae26b000000,0x00002ae386ae74a8,0x00002af111000000)
 Metaspace       used 237574K, capacity 246442K, committed 251396K, reserved 251904K
}
Event: 90131.884 GC heap before
{Heap before GC invocations=14128 (full 240):
 PSYoungGen      total 19889152K, used 19889032K [0x00002af111000000, 0x00002af6fe680000, 0x00002af864000000)
  eden space 19871232K, 100% used [0x00002af111000000,0x00002af5cdd80000,0x00002af5cdd80000)
  from space 17920K, 99% used [0x00002af5ddf00000,0x00002af5df062248,0x00002af5df080000)
  to   space 2494976K, 0% used [0x00002af666200000,0x00002af666200000,0x00002af6fe680000)
 ParOldGen       total 61440000K, used 4647837K [0x00002ae26b000000, 0x00002af111000000, 0x00002af111000000)
  object space 61440000K, 7% used [0x00002ae26b000000,0x00002ae386ae74a8,0x00002af111000000)
 Metaspace       used 237574K, capacity 246442K, committed 251396K, reserved 251904K
Event: 90131.924 GC heap after
Heap after GC invocations=14128 (full 240):
 PSYoungGen      total 21531648K, used 24178K [0x00002af111000000, 0x00002af6db300000, 0x00002af864000000)
  eden space 19613696K, 0% used [0x00002af111000000,0x00002af111000000,0x00002af5be200000)
  from space 1917952K, 1% used [0x00002af666200000,0x00002af66799cb30,0x00002af6db300000)
  to   space 2335232K, 0% used [0x00002af5be200000,0x00002af5be200000,0x00002af64ca80000)
 ParOldGen       total 61440000K, used 4647837K [0x00002ae26b000000, 0x00002af111000000, 0x00002af111000000)
  object space 61440000K, 7% used [0x00002ae26b000000,0x00002ae386ae74a8,0x00002af111000000)
 Metaspace       used 237574K, capacity 246442K, committed 251396K, reserved 251904K
}
Event: 90193.241 GC heap before
{Heap before GC invocations=14129 (full 240):
 PSYoungGen      total 21531648K, used 19637874K [0x00002af111000000, 0x00002af6db300000, 0x00002af864000000)
  eden space 19613696K, 100% used [0x00002af111000000,0x00002af5be200000,0x00002af5be200000)
  from space 1917952K, 1% used [0x00002af666200000,0x00002af66799cb30,0x00002af6db300000)
  to   space 2335232K, 0% used [0x00002af5be200000,0x00002af5be200000,0x00002af64ca80000)
 ParOldGen       total 61440000K, used 4647837K [0x00002ae26b000000, 0x00002af111000000, 0x00002af111000000)
  object space 61440000K, 7% used [0x00002ae26b000000,0x00002ae386ae74a8,0x00002af111000000)
 Metaspace       used 237574K, capacity 246442K, committed 251396K, reserved 251904K
Event: 90193.285 GC heap after
Heap after GC invocations=14129 (full 240):
 PSYoungGen      total 19382784K, used 20789K [0x00002af111000000, 0x00002af6b9400000, 0x00002af864000000)
  eden space 19361792K, 0% used [0x00002af111000000,0x00002af111000000,0x00002af5aec00000)
  from space 20992K, 99% used [0x00002af5be200000,0x00002af5bf64d778,0x00002af5bf680000)
  to   space 2183168K, 0% used [0x00002af634000000,0x00002af634000000,0x00002af6b9400000)
 ParOldGen       total 61440000K, used 4647837K [0x00002ae26b000000, 0x00002af111000000, 0x00002af111000000)
  object space 61440000K, 7% used [0x00002ae26b000000,0x00002ae386ae74a8,0x00002af111000000)
 Metaspace       used 237574K, capacity 246442K, committed 251396K, reserved 251904K
}

