# JRE version: Java(TM) SE Runtime Environment (8.0_172-b11) (build 1.8.0_172-b11)
# Java VM: Java HotSpot(TM) 64-Bit Server VM (25.172-b11 mixed mode linux-amd64 )
Heap:
 PSYoungGen      total 29585408K, used 14085457K [0x00002bb739000000, 0x00002bbe8c000000, 0x00002bbe8c000000)
  eden space 28498944K, 49% used [0x00002bb739000000,0x00002bba8dcb70f8,0x00002bbe04700000)
  from space 1086464K, 10% used [0x00002bbe04700000,0x00002bbe0b59d480,0x00002bbe46c00000)
  to   space 1097728K, 0% used [0x00002bbe49000000,0x00002bbe49000000,0x00002bbe8c000000)
 ParOldGen       total 10123264K, used 5851476K [0x00002ba893000000, 0x00002baafce00000, 0x00002bb739000000)
  object space 10123264K, 57% used [0x00002ba893000000,0x00002ba9f82552e0,0x00002baafce00000)
 Metaspace       used 124198K, capacity 136387K, committed 136960K, reserved 137216K
GC Heap History (10 events):
Event: 14308.882 GC heap before
{Heap before GC invocations=843 (full 24):
 PSYoungGen      total 29382656K, used 29169030K [0x00002bb739000000, 0x00002bbe8c000000, 0x00002bbe8c000000)
  eden space 28266496K, 100% used [0x00002bb739000000,0x00002bbdf6400000,0x00002bbdf6400000)
  from space 1116160K, 80% used [0x00002bbe3fb80000,0x00002bbe76ce1ae8,0x00002bbe83d80000)
  to   space 1203712K, 0% used [0x00002bbdf6400000,0x00002bbdf6400000,0x00002bbe3fb80000)
 ParOldGen       total 10123264K, used 5301183K [0x00002ba893000000, 0x00002baafce00000, 0x00002bb739000000)
  object space 10123264K, 52% used [0x00002ba893000000,0x00002ba9d68efe20,0x00002baafce00000)
 Metaspace       used 124198K, capacity 136387K, committed 136960K, reserved 137216K
Event: 14309.013 GC heap after
Heap after GC invocations=843 (full 24):
 PSYoungGen      total 29470208K, used 619119K [0x00002bb739000000, 0x00002bbe8c000000, 0x00002bbe8c000000)
  eden space 28266496K, 0% used [0x00002bb739000000,0x00002bb739000000,0x00002bbdf6400000)
  from space 1203712K, 51% used [0x00002bbdf6400000,0x00002bbe1c09bec0,0x00002bbe3fb80000)
  to   space 1166336K, 0% used [0x00002bbe44d00000,0x00002bbe44d00000,0x00002bbe8c000000)
 ParOldGen       total 10123264K, used 5301287K [0x00002ba893000000, 0x00002baafce00000, 0x00002bb739000000)
  object space 10123264K, 52% used [0x00002ba893000000,0x00002ba9d6909e38,0x00002baafce00000)
 Metaspace       used 124198K, capacity 136387K, committed 136960K, reserved 137216K
}
Event: 14326.180 GC heap before
{Heap before GC invocations=844 (full 24):
 PSYoungGen      total 29470208K, used 28885615K [0x00002bb739000000, 0x00002bbe8c000000, 0x00002bbe8c000000)
  eden space 28266496K, 100% used [0x00002bb739000000,0x00002bbdf6400000,0x00002bbdf6400000)
  from space 1203712K, 51% used [0x00002bbdf6400000,0x00002bbe1c09bec0,0x00002bbe3fb80000)
  to   space 1166336K, 0% used [0x00002bbe44d00000,0x00002bbe44d00000,0x00002bbe8c000000)
 ParOldGen       total 10123264K, used 5301287K [0x00002ba893000000, 0x00002baafce00000, 0x00002bb739000000)
  object space 10123264K, 52% used [0x00002ba893000000,0x00002ba9d6909e38,0x00002baafce00000)
 Metaspace       used 124198K, capacity 136387K, committed 136960K, reserved 137216K
Event: 14326.268 GC heap after
Heap after GC invocations=844 (full 24):
 PSYoungGen      total 29410304K, used 621890K [0x00002bb739000000, 0x00002bbe85880000, 0x00002bbe8c000000)
  eden space 28349952K, 0% used [0x00002bb739000000,0x00002bb739000000,0x00002bbdfb580000)
  from space 1060352K, 58% used [0x00002bbe44d00000,0x00002bbe6ac50828,0x00002bbe85880000)
  to   space 1132032K, 0% used [0x00002bbdfb580000,0x00002bbdfb580000,0x00002bbe40700000)
 ParOldGen       total 10123264K, used 5301407K [0x00002ba893000000, 0x00002baafce00000, 0x00002bb739000000)
  object space 10123264K, 52% used [0x00002ba893000000,0x00002ba9d6927e38,0x00002baafce00000)
 Metaspace       used 124198K, capacity 136387K, committed 136960K, reserved 137216K
}
Event: 14346.780 GC heap before
{Heap before GC invocations=845 (full 24):
 PSYoungGen      total 29410304K, used 28971842K [0x00002bb739000000, 0x00002bbe85880000, 0x00002bbe8c000000)
  eden space 28349952K, 100% used [0x00002bb739000000,0x00002bbdfb580000,0x00002bbdfb580000)
  from space 1060352K, 58% used [0x00002bbe44d00000,0x00002bbe6ac50828,0x00002bbe85880000)
  to   space 1132032K, 0% used [0x00002bbdfb580000,0x00002bbdfb580000,0x00002bbe40700000)
 ParOldGen       total 10123264K, used 5301407K [0x00002ba893000000, 0x00002baafce00000, 0x00002bb739000000)
  object space 10123264K, 52% used [0x00002ba893000000,0x00002ba9d6927e38,0x00002baafce00000)
 Metaspace       used 124198K, capacity 136387K, committed 136960K, reserved 137216K
Event: 14346.844 GC heap after
Heap after GC invocations=845 (full 24):
 PSYoungGen      total 29481984K, used 467957K [0x00002bb739000000, 0x00002bbe8b200000, 0x00002bbe8c000000)
  eden space 28349952K, 0% used [0x00002bb739000000,0x00002bb739000000,0x00002bbdfb580000)
  from space 1132032K, 41% used [0x00002bbdfb580000,0x00002bbe17e7d428,0x00002bbe40700000)
  to   space 1089024K, 0% used [0x00002bbe48a80000,0x00002bbe48a80000,0x00002bbe8b200000)
 ParOldGen       total 10123264K, used 5301511K [0x00002ba893000000, 0x00002baafce00000, 0x00002bb739000000)
  object space 10123264K, 52% used [0x00002ba893000000,0x00002ba9d6941e38,0x00002baafce00000)
 Metaspace       used 124198K, capacity 136387K, committed 136960K, reserved 137216K
}
Event: 14366.590 GC heap before
{Heap before GC invocations=846 (full 24):
 PSYoungGen      total 29481984K, used 28817909K [0x00002bb739000000, 0x00002bbe8b200000, 0x00002bbe8c000000)
  eden space 28349952K, 100% used [0x00002bb739000000,0x00002bbdfb580000,0x00002bbdfb580000)
  from space 1132032K, 41% used [0x00002bbdfb580000,0x00002bbe17e7d428,0x00002bbe40700000)
  to   space 1089024K, 0% used [0x00002bbe48a80000,0x00002bbe48a80000,0x00002bbe8b200000)
 ParOldGen       total 10123264K, used 5301511K [0x00002ba893000000, 0x00002baafce00000, 0x00002bb739000000)
  object space 10123264K, 52% used [0x00002ba893000000,0x00002ba9d6941e38,0x00002baafce00000)
 Metaspace       used 124198K, capacity 136387K, committed 136960K, reserved 137216K
Event: 14366.736 GC heap after
Heap after GC invocations=846 (full 24):
 PSYoungGen      total 29554176K, used 244922K [0x00002bb739000000, 0x00002bbe89100000, 0x00002bbe8c000000)
  eden space 28498944K, 0% used [0x00002bb739000000,0x00002bb739000000,0x00002bbe04700000)
  from space 1055232K, 23% used [0x00002bbe48a80000,0x00002bbe579aea28,0x00002bbe89100000)
  to   space 1086464K, 0% used [0x00002bbe04700000,0x00002bbe04700000,0x00002bbe46c00000)
 ParOldGen       total 10123264K, used 5843748K [0x00002ba893000000, 0x00002baafce00000, 0x00002bb739000000)
  object space 10123264K, 57% used [0x00002ba893000000,0x00002ba9f7ac93a8,0x00002baafce00000)
 Metaspace       used 124198K, capacity 136387K, committed 136960K, reserved 137216K
}
Event: 14387.627 GC heap before
{Heap before GC invocations=847 (full 24):
 PSYoungGen      total 29554176K, used 28743866K [0x00002bb739000000, 0x00002bbe89100000, 0x00002bbe8c000000)
  eden space 28498944K, 100% used [0x00002bb739000000,0x00002bbe04700000,0x00002bbe04700000)
  from space 1055232K, 23% used [0x00002bbe48a80000,0x00002bbe579aea28,0x00002bbe89100000)
  to   space 1086464K, 0% used [0x00002bbe04700000,0x00002bbe04700000,0x00002bbe46c00000)
 ParOldGen       total 10123264K, used 5843748K [0x00002ba893000000, 0x00002baafce00000, 0x00002bb739000000)
  object space 10123264K, 57% used [0x00002ba893000000,0x00002ba9f7ac93a8,0x00002baafce00000)
 Metaspace       used 124198K, capacity 136387K, committed 136960K, reserved 137216K
Event: 14387.684 GC heap after
Heap after GC invocations=847 (full 24):
 PSYoungGen      total 29585408K, used 113269K [0x00002bb739000000, 0x00002bbe8c000000, 0x00002bbe8c000000)
  eden space 28498944K, 0% used [0x00002bb739000000,0x00002bb739000000,0x00002bbe04700000)
  from space 1086464K, 10% used [0x00002bbe04700000,0x00002bbe0b59d480,0x00002bbe46c00000)
  to   space 1097728K, 0% used [0x00002bbe49000000,0x00002bbe49000000,0x00002bbe8c000000)
 ParOldGen       total 10123264K, used 5851476K [0x00002ba893000000, 0x00002baafce00000, 0x00002bb739000000)
  object space 10123264K, 57% used [0x00002ba893000000,0x00002ba9f82552e0,0x00002baafce00000)
 Metaspace       used 124198K, capacity 136387K, committed 136960K, reserved 137216K
}

