# JRE version: Java(TM) SE Runtime Environment (8.0_172-b11) (build 1.8.0_172-b11)
# Java VM: Java HotSpot(TM) 64-Bit Server VM (25.172-b11 mixed mode linux-amd64 )
Heap:
 PSYoungGen      total 20480000K, used 14011157K [0x00002b7549000000, 0x00002b7c9c000000, 0x00002b7c9c000000)
  eden space 10240000K, 50% used [0x00002b7549000000,0x00002b768742add8,0x00002b77ba000000)
  from space 10240000K, 85% used [0x00002b7a2b000000,0x00002b7c43e9a658,0x00002b7c9c000000)
  to   space 10240000K, 0% used [0x00002b77ba000000,0x00002b77ba000000,0x00002b7a2b000000)
 ParOldGen       total 61440000K, used 25992841K [0x00002b66a3000000, 0x00002b7549000000, 0x00002b7549000000)
  object space 61440000K, 42% used [0x00002b66a3000000,0x00002b6cd57a24c8,0x00002b7549000000)
 Metaspace       used 218170K, capacity 226152K, committed 231172K, reserved 231424K
GC Heap History (10 events):
Event: 90068.086 GC heap before
{Heap before GC invocations=13985 (full 233):
 PSYoungGen      total 20480000K, used 12332190K [0x00002b7549000000, 0x00002b7c9c000000, 0x00002b7c9c000000)
  eden space 10240000K, 100% used [0x00002b7549000000,0x00002b77ba000000,0x00002b77ba000000)
  from space 10240000K, 20% used [0x00002b77ba000000,0x00002b7839b27bd8,0x00002b7a2b000000)
  to   space 10240000K, 0% used [0x00002b7a2b000000,0x00002b7a2b000000,0x00002b7c9c000000)
 ParOldGen       total 61440000K, used 4585680K [0x00002b66a3000000, 0x00002b7549000000, 0x00002b7549000000)
  object space 61440000K, 7% used [0x00002b66a3000000,0x00002b67bae34010,0x00002b7549000000)
 Metaspace       used 218170K, capacity 226152K, committed 231172K, reserved 231424K
Event: 90068.601 GC heap after
Heap after GC invocations=13985 (full 233):
 PSYoungGen      total 20480000K, used 2638214K [0x00002b7549000000, 0x00002b7c9c000000, 0x00002b7c9c000000)
  eden space 10240000K, 0% used [0x00002b7549000000,0x00002b7549000000,0x00002b77ba000000)
  from space 10240000K, 25% used [0x00002b7a2b000000,0x00002b7acc061a40,0x00002b7c9c000000)
  to   space 10240000K, 0% used [0x00002b77ba000000,0x00002b77ba000000,0x00002b7a2b000000)
 ParOldGen       total 61440000K, used 6474071K [0x00002b66a3000000, 0x00002b7549000000, 0x00002b7549000000)
  object space 61440000K, 10% used [0x00002b66a3000000,0x00002b682e255fe0,0x00002b7549000000)
 Metaspace       used 218170K, capacity 226152K, committed 231172K, reserved 231424K
}
Event: 90072.461 GC heap before
{Heap before GC invocations=13986 (full 233):
 PSYoungGen      total 20480000K, used 12878214K [0x00002b7549000000, 0x00002b7c9c000000, 0x00002b7c9c000000)
  eden space 10240000K, 100% used [0x00002b7549000000,0x00002b77ba000000,0x00002b77ba000000)
  from space 10240000K, 25% used [0x00002b7a2b000000,0x00002b7acc061a40,0x00002b7c9c000000)
  to   space 10240000K, 0% used [0x00002b77ba000000,0x00002b77ba000000,0x00002b7a2b000000)
 ParOldGen       total 61440000K, used 6474071K [0x00002b66a3000000, 0x00002b7549000000, 0x00002b7549000000)
  object space 61440000K, 10% used [0x00002b66a3000000,0x00002b682e255fe0,0x00002b7549000000)
 Metaspace       used 218170K, capacity 226152K, committed 231172K, reserved 231424K
Event: 90072.846 GC heap after
Heap after GC invocations=13986 (full 233):
 PSYoungGen      total 11247616K, used 1007372K [0x00002b7549000000, 0x00002b7c64900000, 0x00002b7c9c000000)
  eden space 10240000K, 0% used [0x00002b7549000000,0x00002b7549000000,0x00002b77ba000000)
  from space 1007616K, 99% used [0x00002b77ba000000,0x00002b77f77c33d0,0x00002b77f7800000)
  to   space 9785856K, 0% used [0x00002b7a0f480000,0x00002b7a0f480000,0x00002b7c64900000)
 ParOldGen       total 61440000K, used 8757868K [0x00002b66a3000000, 0x00002b7549000000, 0x00002b7549000000)
  object space 61440000K, 14% used [0x00002b66a3000000,0x00002b68b989b230,0x00002b7549000000)
 Metaspace       used 218170K, capacity 226152K, committed 231172K, reserved 231424K
}
Event: 90110.527 GC heap before
{Heap before GC invocations=13987 (full 233):
 PSYoungGen      total 11247616K, used 11230002K [0x00002b7549000000, 0x00002b7c64900000, 0x00002b7c9c000000)
  eden space 10240000K, 99% used [0x00002b7549000000,0x00002b77b8f096c8,0x00002b77ba000000)
  from space 1007616K, 99% used [0x00002b77ba000000,0x00002b77f77c33d0,0x00002b77f7800000)
  to   space 9785856K, 0% used [0x00002b7a0f480000,0x00002b7a0f480000,0x00002b7c64900000)
 ParOldGen       total 61440000K, used 8757868K [0x00002b66a3000000, 0x00002b7549000000, 0x00002b7549000000)
  object space 61440000K, 14% used [0x00002b66a3000000,0x00002b68b989b230,0x00002b7549000000)
 Metaspace       used 218170K, capacity 226152K, committed 231172K, reserved 231424K
Event: 90111.387 GC heap after
Heap after GC invocations=13987 (full 233):
 PSYoungGen      total 19571712K, used 7546685K [0x00002b7549000000, 0x00002b7c9c000000, 0x00002b7c9c000000)
  eden space 9785856K, 0% used [0x00002b7549000000,0x00002b7549000000,0x00002b779e480000)
  from space 9785856K, 77% used [0x00002b7a0f480000,0x00002b7bdbe4f450,0x00002b7c64900000)
  to   space 10240000K, 0% used [0x00002b779e480000,0x00002b779e480000,0x00002b7a0f480000)
 ParOldGen       total 61440000K, used 9597551K [0x00002b66a3000000, 0x00002b7549000000, 0x00002b7549000000)
  object space 61440000K, 15% used [0x00002b66a3000000,0x00002b68ecc9bd68,0x00002b7549000000)
 Metaspace       used 218170K, capacity 226152K, committed 231172K, reserved 231424K
}
Event: 90156.275 GC heap before
{Heap before GC invocations=13988 (full 233):
 PSYoungGen      total 19571712K, used 17305159K [0x00002b7549000000, 0x00002b7c9c000000, 0x00002b7c9c000000)
  eden space 9785856K, 99% used [0x00002b7549000000,0x00002b779c9c2a18,0x00002b779e480000)
  from space 9785856K, 77% used [0x00002b7a0f480000,0x00002b7bdbe4f450,0x00002b7c64900000)
  to   space 10240000K, 0% used [0x00002b779e480000,0x00002b779e480000,0x00002b7a0f480000)
 ParOldGen       total 61440000K, used 9597551K [0x00002b66a3000000, 0x00002b7549000000, 0x00002b7549000000)
  object space 61440000K, 15% used [0x00002b66a3000000,0x00002b68ecc9bd68,0x00002b7549000000)
 Metaspace       used 218170K, capacity 226152K, committed 231172K, reserved 231424K
Event: 90157.909 GC heap after
Heap after GC invocations=13988 (full 233):
 PSYoungGen      total 20025856K, used 9054377K [0x00002b7549000000, 0x00002b7c9c000000, 0x00002b7c9c000000)
  eden space 9785856K, 0% used [0x00002b7549000000,0x00002b7549000000,0x00002b779e480000)
  from space 10240000K, 88% used [0x00002b779e480000,0x00002b79c6eaa6d0,0x00002b7a0f480000)
  to   space 10240000K, 0% used [0x00002b7a2b000000,0x00002b7a2b000000,0x00002b7c9c000000)
 ParOldGen       total 61440000K, used 17008181K [0x00002b66a3000000, 0x00002b7549000000, 0x00002b7549000000)
  object space 61440000K, 27% used [0x00002b66a3000000,0x00002b6ab118d7a8,0x00002b7549000000)
 Metaspace       used 218170K, capacity 226152K, committed 231172K, reserved 231424K
}
Event: 90202.441 GC heap before
{Heap before GC invocations=13989 (full 233):
 PSYoungGen      total 20025856K, used 18828290K [0x00002b7549000000, 0x00002b7c9c000000, 0x00002b7c9c000000)
  eden space 9785856K, 99% used [0x00002b7549000000,0x00002b779d8d6308,0x00002b779e480000)
  from space 10240000K, 88% used [0x00002b779e480000,0x00002b79c6eaa6d0,0x00002b7a0f480000)
  to   space 10240000K, 0% used [0x00002b7a2b000000,0x00002b7a2b000000,0x00002b7c9c000000)
 ParOldGen       total 61440000K, used 17008181K [0x00002b66a3000000, 0x00002b7549000000, 0x00002b7549000000)
  object space 61440000K, 27% used [0x00002b66a3000000,0x00002b6ab118d7a8,0x00002b7549000000)
 Metaspace       used 218170K, capacity 226152K, committed 231172K, reserved 231424K
Event: 90204.361 GC heap after
Heap after GC invocations=13989 (full 233):
 PSYoungGen      total 20480000K, used 8796777K [0x00002b7549000000, 0x00002b7c9c000000, 0x00002b7c9c000000)
  eden space 10240000K, 0% used [0x00002b7549000000,0x00002b7549000000,0x00002b77ba000000)
  from space 10240000K, 85% used [0x00002b7a2b000000,0x00002b7c43e9a658,0x00002b7c9c000000)
  to   space 10240000K, 0% used [0x00002b77ba000000,0x00002b77ba000000,0x00002b7a2b000000)
 ParOldGen       total 61440000K, used 25992841K [0x00002b66a3000000, 0x00002b7549000000, 0x00002b7549000000)
  object space 61440000K, 42% used [0x00002b66a3000000,0x00002b6cd57a24c8,0x00002b7549000000)
 Metaspace       used 218170K, capacity 226152K, committed 231172K, reserved 231424K
}

