# JRE version: Java(TM) SE Runtime Environment (8.0_172-b11) (build 1.8.0_172-b11)
# Java VM: Java HotSpot(TM) 64-Bit Server VM (25.172-b11 mixed mode linux-amd64 )
Heap:
 PSYoungGen      total 30367232K, used 15768422K [0x00002ae3e9000000, 0x00002aeb3c000000, 0x00002aeb3c000000)
  eden space 30006272K, 51% used [0x00002ae3e9000000,0x00002ae79ecb0f00,0x00002aeb10700000)
  from space 360960K, 57% used [0x00002aeb25f80000,0x00002aeb329a8a30,0x00002aeb3c000000)
  to   space 352768K, 0% used [0x00002aeb10700000,0x00002aeb10700000,0x00002aeb25f80000)
 ParOldGen       total 9716224K, used 4526200K [0x00002ad543000000, 0x00002ad794080000, 0x00002ae3e9000000)
  object space 9716224K, 46% used [0x00002ad543000000,0x00002ad65741e1d8,0x00002ad794080000)
 Metaspace       used 124439K, capacity 136552K, committed 137472K, reserved 139264K
GC Heap History (10 events):
Event: 14269.832 GC heap before
{Heap before GC invocations=913 (full 25):
 PSYoungGen      total 30330880K, used 30330860K [0x00002ae3e9000000, 0x00002aeb3c000000, 0x00002aeb3c000000)
  eden space 30051328K, 100% used [0x00002ae3e9000000,0x00002aeb13300000,0x00002aeb13300000)
  from space 279552K, 99% used [0x00002aeb13300000,0x00002aeb243fb380,0x00002aeb24400000)
  to   space 364544K, 0% used [0x00002aeb25c00000,0x00002aeb25c00000,0x00002aeb3c000000)
 ParOldGen       total 9716224K, used 4525512K [0x00002ad543000000, 0x00002ad794080000, 0x00002ae3e9000000)
  object space 9716224K, 46% used [0x00002ad543000000,0x00002ad657372178,0x00002ad794080000)
 Metaspace       used 124439K, capacity 136552K, committed 137472K, reserved 139264K
Event: 14269.923 GC heap after
Heap after GC invocations=913 (full 25):
 PSYoungGen      total 30337024K, used 242379K [0x00002ae3e9000000, 0x00002aeb3c000000, 0x00002aeb3c000000)
  eden space 29972480K, 0% used [0x00002ae3e9000000,0x00002ae3e9000000,0x00002aeb0e600000)
  from space 364544K, 66% used [0x00002aeb25c00000,0x00002aeb348b2fd8,0x00002aeb3c000000)
  to   space 373760K, 0% used [0x00002aeb0e600000,0x00002aeb0e600000,0x00002aeb25300000)
 ParOldGen       total 9716224K, used 4525656K [0x00002ad543000000, 0x00002ad794080000, 0x00002ae3e9000000)
  object space 9716224K, 46% used [0x00002ad543000000,0x00002ad657396178,0x00002ad794080000)
 Metaspace       used 124439K, capacity 136552K, committed 137472K, reserved 139264K
}
Event: 14286.116 GC heap before
{Heap before GC invocations=914 (full 25):
 PSYoungGen      total 30337024K, used 30214859K [0x00002ae3e9000000, 0x00002aeb3c000000, 0x00002aeb3c000000)
  eden space 29972480K, 100% used [0x00002ae3e9000000,0x00002aeb0e600000,0x00002aeb0e600000)
  from space 364544K, 66% used [0x00002aeb25c00000,0x00002aeb348b2fd8,0x00002aeb3c000000)
  to   space 373760K, 0% used [0x00002aeb0e600000,0x00002aeb0e600000,0x00002aeb25300000)
 ParOldGen       total 9716224K, used 4525656K [0x00002ad543000000, 0x00002ad794080000, 0x00002ae3e9000000)
  object space 9716224K, 46% used [0x00002ad543000000,0x00002ad657396178,0x00002ad794080000)
 Metaspace       used 124439K, capacity 136552K, committed 137472K, reserved 139264K
Event: 14286.159 GC heap after
Heap after GC invocations=914 (full 25):
 PSYoungGen      total 30145536K, used 172561K [0x00002ae3e9000000, 0x00002aeb3a400000, 0x00002aeb3c000000)
  eden space 29972480K, 0% used [0x00002ae3e9000000,0x00002ae3e9000000,0x00002aeb0e600000)
  from space 173056K, 99% used [0x00002aeb0e600000,0x00002aeb18e84558,0x00002aeb18f00000)
  to   space 354816K, 0% used [0x00002aeb24980000,0x00002aeb24980000,0x00002aeb3a400000)
 ParOldGen       total 9716224K, used 4525784K [0x00002ad543000000, 0x00002ad794080000, 0x00002ae3e9000000)
  object space 9716224K, 46% used [0x00002ad543000000,0x00002ad6573b6178,0x00002ad794080000)
 Metaspace       used 124439K, capacity 136552K, committed 137472K, reserved 139264K
}
Event: 14304.750 GC heap before
{Heap before GC invocations=915 (full 25):
 PSYoungGen      total 30145536K, used 30145041K [0x00002ae3e9000000, 0x00002aeb3a400000, 0x00002aeb3c000000)
  eden space 29972480K, 100% used [0x00002ae3e9000000,0x00002aeb0e600000,0x00002aeb0e600000)
  from space 173056K, 99% used [0x00002aeb0e600000,0x00002aeb18e84558,0x00002aeb18f00000)
  to   space 354816K, 0% used [0x00002aeb24980000,0x00002aeb24980000,0x00002aeb3a400000)
 ParOldGen       total 9716224K, used 4525784K [0x00002ad543000000, 0x00002ad794080000, 0x00002ae3e9000000)
  object space 9716224K, 46% used [0x00002ad543000000,0x00002ad6573b6178,0x00002ad794080000)
 Metaspace       used 124439K, capacity 136552K, committed 137472K, reserved 139264K
Event: 14304.788 GC heap after
Heap after GC invocations=915 (full 25):
 PSYoungGen      total 30354432K, used 166414K [0x00002ae3e9000000, 0x00002aeb3c000000, 0x00002aeb3c000000)
  eden space 29999616K, 0% used [0x00002ae3e9000000,0x00002ae3e9000000,0x00002aeb10080000)
  from space 354816K, 46% used [0x00002aeb24980000,0x00002aeb2ec03960,0x00002aeb3a400000)
  to   space 336896K, 0% used [0x00002aeb10080000,0x00002aeb10080000,0x00002aeb24980000)
 ParOldGen       total 9716224K, used 4525928K [0x00002ad543000000, 0x00002ad794080000, 0x00002ae3e9000000)
  object space 9716224K, 46% used [0x00002ad543000000,0x00002ad6573da178,0x00002ad794080000)
 Metaspace       used 124439K, capacity 136552K, committed 137472K, reserved 139264K
}
Event: 14321.225 GC heap before
{Heap before GC invocations=916 (full 25):
 PSYoungGen      total 30354432K, used 30166030K [0x00002ae3e9000000, 0x00002aeb3c000000, 0x00002aeb3c000000)
  eden space 29999616K, 100% used [0x00002ae3e9000000,0x00002aeb10080000,0x00002aeb10080000)
  from space 354816K, 46% used [0x00002aeb24980000,0x00002aeb2ec03960,0x00002aeb3a400000)
  to   space 336896K, 0% used [0x00002aeb10080000,0x00002aeb10080000,0x00002aeb24980000)
 ParOldGen       total 9716224K, used 4525928K [0x00002ad543000000, 0x00002ad794080000, 0x00002ae3e9000000)
  object space 9716224K, 46% used [0x00002ad543000000,0x00002ad6573da178,0x00002ad794080000)
 Metaspace       used 124439K, capacity 136552K, committed 137472K, reserved 139264K
Event: 14321.288 GC heap after
Heap after GC invocations=916 (full 25):
 PSYoungGen      total 30336512K, used 280448K [0x00002ae3e9000000, 0x00002aeb3c000000, 0x00002aeb3c000000)
  eden space 29999616K, 0% used [0x00002ae3e9000000,0x00002ae3e9000000,0x00002aeb10080000)
  from space 336896K, 83% used [0x00002aeb10080000,0x00002aeb21260120,0x00002aeb24980000)
  to   space 360960K, 0% used [0x00002aeb25f80000,0x00002aeb25f80000,0x00002aeb3c000000)
 ParOldGen       total 9716224K, used 4526096K [0x00002ad543000000, 0x00002ad794080000, 0x00002ae3e9000000)
  object space 9716224K, 46% used [0x00002ad543000000,0x00002ad6574041d8,0x00002ad794080000)
 Metaspace       used 124439K, capacity 136552K, committed 137472K, reserved 139264K
}
Event: 14337.028 GC heap before
{Heap before GC invocations=917 (full 25):
 PSYoungGen      total 30336512K, used 30280064K [0x00002ae3e9000000, 0x00002aeb3c000000, 0x00002aeb3c000000)
  eden space 29999616K, 100% used [0x00002ae3e9000000,0x00002aeb10080000,0x00002aeb10080000)
  from space 336896K, 83% used [0x00002aeb10080000,0x00002aeb21260120,0x00002aeb24980000)
  to   space 360960K, 0% used [0x00002aeb25f80000,0x00002aeb25f80000,0x00002aeb3c000000)
 ParOldGen       total 9716224K, used 4526096K [0x00002ad543000000, 0x00002ad794080000, 0x00002ae3e9000000)
  object space 9716224K, 46% used [0x00002ad543000000,0x00002ad6574041d8,0x00002ad794080000)
 Metaspace       used 124439K, capacity 136552K, committed 137472K, reserved 139264K
Event: 14337.091 GC heap after
Heap after GC invocations=917 (full 25):
 PSYoungGen      total 30367232K, used 207010K [0x00002ae3e9000000, 0x00002aeb3c000000, 0x00002aeb3c000000)
  eden space 30006272K, 0% used [0x00002ae3e9000000,0x00002ae3e9000000,0x00002aeb10700000)
  from space 360960K, 57% used [0x00002aeb25f80000,0x00002aeb329a8a30,0x00002aeb3c000000)
  to   space 352768K, 0% used [0x00002aeb10700000,0x00002aeb10700000,0x00002aeb25f80000)
 ParOldGen       total 9716224K, used 4526200K [0x00002ad543000000, 0x00002ad794080000, 0x00002ae3e9000000)
  object space 9716224K, 46% used [0x00002ad543000000,0x00002ad65741e1d8,0x00002ad794080000)
 Metaspace       used 124439K, capacity 136552K, committed 137472K, reserved 139264K
}

