# JRE version: Java(TM) SE Runtime Environment (8.0_172-b11) (build 1.8.0_172-b11)
# Java VM: Java HotSpot(TM) 64-Bit Server VM (25.172-b11 mixed mode linux-amd64 )
Heap:
 PSYoungGen      total 25856512K, used 14364914K [0x00002b8575000000, 0x00002b8cc8000000, 0x00002b8cc8000000)
  eden space 22551552K, 60% used [0x00002b8575000000,0x00002b88bb3bebc8,0x00002b8ad5700000)
  from space 3304960K, 19% used [0x00002b8bfe480000,0x00002b8c24cfdeb0,0x00002b8cc8000000)
  to   space 4084224K, 0% used [0x00002b8ad5700000,0x00002b8ad5700000,0x00002b8bceb80000)
 ParOldGen       total 61440000K, used 19492452K [0x00002b76cf000000, 0x00002b8575000000, 0x00002b8575000000)
  object space 61440000K, 31% used [0x00002b76cf000000,0x00002b7b74b99080,0x00002b8575000000)
 Metaspace       used 151871K, capacity 161397K, committed 163584K, reserved 163840K
GC Heap History (10 events):
Event: 14375.846 GC heap before
{Heap before GC invocations=2578 (full 98):
 PSYoungGen      total 26749952K, used 24538086K [0x00002b8575000000, 0x00002b8cbb480000, 0x00002b8cc8000000)
  eden space 23152128K, 100% used [0x00002b8575000000,0x00002b8afa180000,0x00002b8afa180000)
  from space 3597824K, 38% used [0x00002b8afa180000,0x00002b8b4eaf9b28,0x00002b8bd5b00000)
  to   space 3429376K, 0% used [0x00002b8be9f80000,0x00002b8be9f80000,0x00002b8cbb480000)
 ParOldGen       total 61440000K, used 12895829K [0x00002b76cf000000, 0x00002b8575000000, 0x00002b8575000000)
  object space 61440000K, 20% used [0x00002b76cf000000,0x00002b79e2195470,0x00002b8575000000)
 Metaspace       used 151871K, capacity 161397K, committed 163584K, reserved 163840K
Event: 14376.060 GC heap after
Heap after GC invocations=2578 (full 98):
 PSYoungGen      total 26918400K, used 1182829K [0x00002b8575000000, 0x00002b8caed80000, 0x00002b8cc8000000)
  eden space 23692800K, 0% used [0x00002b8575000000,0x00002b8575000000,0x00002b8b1b180000)
  from space 3225600K, 36% used [0x00002b8be9f80000,0x00002b8c3229b6e8,0x00002b8caed80000)
  to   space 3307520K, 0% used [0x00002b8b1b180000,0x00002b8b1b180000,0x00002b8be4f80000)
 ParOldGen       total 61440000K, used 13965477K [0x00002b76cf000000, 0x00002b8575000000, 0x00002b8575000000)
  object space 61440000K, 22% used [0x00002b76cf000000,0x00002b7a236297e8,0x00002b8575000000)
 Metaspace       used 151871K, capacity 161397K, committed 163584K, reserved 163840K
}
Event: 14380.603 GC heap before
{Heap before GC invocations=2579 (full 98):
 PSYoungGen      total 26918400K, used 24875629K [0x00002b8575000000, 0x00002b8caed80000, 0x00002b8cc8000000)
  eden space 23692800K, 100% used [0x00002b8575000000,0x00002b8b1b180000,0x00002b8b1b180000)
  from space 3225600K, 36% used [0x00002b8be9f80000,0x00002b8c3229b6e8,0x00002b8caed80000)
  to   space 3307520K, 0% used [0x00002b8b1b180000,0x00002b8b1b180000,0x00002b8be4f80000)
 ParOldGen       total 61440000K, used 13965477K [0x00002b76cf000000, 0x00002b8575000000, 0x00002b8575000000)
  object space 61440000K, 22% used [0x00002b76cf000000,0x00002b7a236297e8,0x00002b8575000000)
 Metaspace       used 151871K, capacity 161397K, committed 163584K, reserved 163840K
Event: 14380.761 GC heap after
Heap after GC invocations=2579 (full 98):
 PSYoungGen      total 27000320K, used 744980K [0x00002b8575000000, 0x00002b8cc7700000, 0x00002b8cc8000000)
  eden space 23692800K, 0% used [0x00002b8575000000,0x00002b8575000000,0x00002b8b1b180000)
  from space 3307520K, 22% used [0x00002b8b1b180000,0x00002b8b48905288,0x00002b8be4f80000)
  to   space 3261952K, 0% used [0x00002b8c00580000,0x00002b8c00580000,0x00002b8cc7700000)
 ParOldGen       total 61440000K, used 14871911K [0x00002b76cf000000, 0x00002b8575000000, 0x00002b8575000000)
  object space 61440000K, 24% used [0x00002b76cf000000,0x00002b7a5ab59c38,0x00002b8575000000)
 Metaspace       used 151871K, capacity 161397K, committed 163584K, reserved 163840K
}
Event: 14384.068 GC heap before
{Heap before GC invocations=2580 (full 98):
 PSYoungGen      total 27000320K, used 24437780K [0x00002b8575000000, 0x00002b8cc7700000, 0x00002b8cc8000000)
  eden space 23692800K, 100% used [0x00002b8575000000,0x00002b8b1b180000,0x00002b8b1b180000)
  from space 3307520K, 22% used [0x00002b8b1b180000,0x00002b8b48905288,0x00002b8be4f80000)
  to   space 3261952K, 0% used [0x00002b8c00580000,0x00002b8c00580000,0x00002b8cc7700000)
 ParOldGen       total 61440000K, used 14871911K [0x00002b76cf000000, 0x00002b8575000000, 0x00002b8575000000)
  object space 61440000K, 24% used [0x00002b76cf000000,0x00002b7a5ab59c38,0x00002b8575000000)
 Metaspace       used 151871K, capacity 161397K, committed 163584K, reserved 163840K
Event: 14384.208 GC heap after
Heap after GC invocations=2580 (full 98):
 PSYoungGen      total 27381248K, used 364327K [0x00002b8575000000, 0x00002b8cc5880000, 0x00002b8cc8000000)
  eden space 24150528K, 0% used [0x00002b8575000000,0x00002b8575000000,0x00002b8b37080000)
  from space 3230720K, 11% used [0x00002b8c00580000,0x00002b8c16949cc8,0x00002b8cc5880000)
  to   space 3264512K, 0% used [0x00002b8b37080000,0x00002b8b37080000,0x00002b8bfe480000)
 ParOldGen       total 61440000K, used 15496945K [0x00002b76cf000000, 0x00002b8575000000, 0x00002b8575000000)
  object space 61440000K, 25% used [0x00002b76cf000000,0x00002b7a80dbc480,0x00002b8575000000)
 Metaspace       used 151871K, capacity 161397K, committed 163584K, reserved 163840K
}
Event: 14387.338 GC heap before
{Heap before GC invocations=2581 (full 98):
 PSYoungGen      total 27381248K, used 24514855K [0x00002b8575000000, 0x00002b8cc5880000, 0x00002b8cc8000000)
  eden space 24150528K, 100% used [0x00002b8575000000,0x00002b8b37080000,0x00002b8b37080000)
  from space 3230720K, 11% used [0x00002b8c00580000,0x00002b8c16949cc8,0x00002b8cc5880000)
  to   space 3264512K, 0% used [0x00002b8b37080000,0x00002b8b37080000,0x00002b8bfe480000)
 ParOldGen       total 61440000K, used 15496945K [0x00002b76cf000000, 0x00002b8575000000, 0x00002b8575000000)
  object space 61440000K, 25% used [0x00002b76cf000000,0x00002b7a80dbc480,0x00002b8575000000)
 Metaspace       used 151871K, capacity 161397K, committed 163584K, reserved 163840K
Event: 14387.716 GC heap after
Heap after GC invocations=2581 (full 98):
 PSYoungGen      total 27415040K, used 3264503K [0x00002b8575000000, 0x00002b8cc8000000, 0x00002b8cc8000000)
  eden space 24150528K, 0% used [0x00002b8575000000,0x00002b8575000000,0x00002b8b37080000)
  from space 3264512K, 99% used [0x00002b8b37080000,0x00002b8bfe47dff0,0x00002b8bfe480000)
  to   space 3304960K, 0% used [0x00002b8bfe480000,0x00002b8bfe480000,0x00002b8cc8000000)
 ParOldGen       total 61440000K, used 16530324K [0x00002b76cf000000, 0x00002b8575000000, 0x00002b8575000000)
  object space 61440000K, 26% used [0x00002b76cf000000,0x00002b7abfee5128,0x00002b8575000000)
 Metaspace       used 151871K, capacity 161397K, committed 163584K, reserved 163840K
}
Event: 14394.394 GC heap before
{Heap before GC invocations=2582 (full 98):
 PSYoungGen      total 27415040K, used 27415031K [0x00002b8575000000, 0x00002b8cc8000000, 0x00002b8cc8000000)
  eden space 24150528K, 100% used [0x00002b8575000000,0x00002b8b37080000,0x00002b8b37080000)
  from space 3264512K, 99% used [0x00002b8b37080000,0x00002b8bfe47dff0,0x00002b8bfe480000)
  to   space 3304960K, 0% used [0x00002b8bfe480000,0x00002b8bfe480000,0x00002b8cc8000000)
 ParOldGen       total 61440000K, used 16530324K [0x00002b76cf000000, 0x00002b8575000000, 0x00002b8575000000)
  object space 61440000K, 26% used [0x00002b76cf000000,0x00002b7abfee5128,0x00002b8575000000)
 Metaspace       used 151871K, capacity 161397K, committed 163584K, reserved 163840K
Event: 14394.719 GC heap after
Heap after GC invocations=2582 (full 98):
 PSYoungGen      total 25856512K, used 631287K [0x00002b8575000000, 0x00002b8cc8000000, 0x00002b8cc8000000)
  eden space 22551552K, 0% used [0x00002b8575000000,0x00002b8575000000,0x00002b8ad5700000)
  from space 3304960K, 19% used [0x00002b8bfe480000,0x00002b8c24cfdeb0,0x00002b8cc8000000)
  to   space 4084224K, 0% used [0x00002b8ad5700000,0x00002b8ad5700000,0x00002b8bceb80000)
 ParOldGen       total 61440000K, used 19492452K [0x00002b76cf000000, 0x00002b8575000000, 0x00002b8575000000)
  object space 61440000K, 31% used [0x00002b76cf000000,0x00002b7b74b99080,0x00002b8575000000)
 Metaspace       used 151871K, capacity 161397K, committed 163584K, reserved 163840K
}

