# JRE version: Java(TM) SE Runtime Environment (8.0_172-b11) (build 1.8.0_172-b11)
# Java VM: Java HotSpot(TM) 64-Bit Server VM (25.172-b11 mixed mode linux-amd64 )
Heap:
 PSYoungGen      total 20480000K, used 17557378K [0x00002b8285000000, 0x00002b89d8000000, 0x00002b89d8000000)
  eden space 10240000K, 71% used [0x00002b8285000000,0x00002b8444032810,0x00002b84f6000000)
  from space 10240000K, 99% used [0x00002b84f6000000,0x00002b87669ae180,0x00002b8767000000)
  to   space 10240000K, 0% used [0x00002b8767000000,0x00002b8767000000,0x00002b89d8000000)
 ParOldGen       total 61440000K, used 22610551K [0x00002b73df000000, 0x00002b8285000000, 0x00002b8285000000)
  object space 61440000K, 36% used [0x00002b73df000000,0x00002b794309dcf8,0x00002b8285000000)
 Metaspace       used 218065K, capacity 226019K, committed 235100K, reserved 235520K
GC Heap History (10 events):
Event: 89968.490 GC heap before
{Heap before GC invocations=13957 (full 261):
 PSYoungGen      total 20480000K, used 10339293K [0x00002b8285000000, 0x00002b89d8000000, 0x00002b89d8000000)
  eden space 10240000K, 100% used [0x00002b8285000000,0x00002b84f6000000,0x00002b84f6000000)
  from space 10240000K, 0% used [0x00002b84f6000000,0x00002b84fc0f7780,0x00002b8767000000)
  to   space 10240000K, 0% used [0x00002b8767000000,0x00002b8767000000,0x00002b89d8000000)
 ParOldGen       total 61440000K, used 42303456K [0x00002b73df000000, 0x00002b8285000000, 0x00002b8285000000)
  object space 61440000K, 68% used [0x00002b73df000000,0x00002b7df4ff80d8,0x00002b8285000000)
 Metaspace       used 218065K, capacity 226019K, committed 235100K, reserved 235520K
Event: 89968.656 GC heap after
Heap after GC invocations=13957 (full 261):
 PSYoungGen      total 20480000K, used 528022K [0x00002b8285000000, 0x00002b89d8000000, 0x00002b89d8000000)
  eden space 10240000K, 0% used [0x00002b8285000000,0x00002b8285000000,0x00002b84f6000000)
  from space 10240000K, 5% used [0x00002b8767000000,0x00002b87873a5a28,0x00002b89d8000000)
  to   space 10240000K, 0% used [0x00002b84f6000000,0x00002b84f6000000,0x00002b8767000000)
 ParOldGen       total 61440000K, used 42341102K [0x00002b73df000000, 0x00002b8285000000, 0x00002b8285000000)
  object space 61440000K, 68% used [0x00002b73df000000,0x00002b7df74bb8d0,0x00002b8285000000)
 Metaspace       used 218065K, capacity 226019K, committed 235100K, reserved 235520K
}
Event: 89974.910 GC heap before
{Heap before GC invocations=13958 (full 261):
 PSYoungGen      total 20480000K, used 10764863K [0x00002b8285000000, 0x00002b89d8000000, 0x00002b89d8000000)
  eden space 10240000K, 99% used [0x00002b8285000000,0x00002b84f5cea248,0x00002b84f6000000)
  from space 10240000K, 5% used [0x00002b8767000000,0x00002b87873a5a28,0x00002b89d8000000)
  to   space 10240000K, 0% used [0x00002b84f6000000,0x00002b84f6000000,0x00002b8767000000)
 ParOldGen       total 61440000K, used 42341102K [0x00002b73df000000, 0x00002b8285000000, 0x00002b8285000000)
  object space 61440000K, 68% used [0x00002b73df000000,0x00002b7df74bb8d0,0x00002b8285000000)
 Metaspace       used 218065K, capacity 226019K, committed 235100K, reserved 235520K
Event: 89975.080 GC heap after
Heap after GC invocations=13958 (full 261):
 PSYoungGen      total 20480000K, used 398732K [0x00002b8285000000, 0x00002b89d8000000, 0x00002b89d8000000)
  eden space 10240000K, 0% used [0x00002b8285000000,0x00002b8285000000,0x00002b84f6000000)
  from space 10240000K, 3% used [0x00002b84f6000000,0x00002b850e5630b0,0x00002b8767000000)
  to   space 10240000K, 0% used [0x00002b8767000000,0x00002b8767000000,0x00002b89d8000000)
 ParOldGen       total 61440000K, used 42593946K [0x00002b73df000000, 0x00002b8285000000, 0x00002b8285000000)
  object space 61440000K, 69% used [0x00002b73df000000,0x00002b7e06ba6988,0x00002b8285000000)
 Metaspace       used 218065K, capacity 226019K, committed 235100K, reserved 235520K
}
Event: 90005.160 GC heap before
{Heap before GC invocations=13959 (full 261):
 PSYoungGen      total 20480000K, used 4039346K [0x00002b8285000000, 0x00002b89d8000000, 0x00002b89d8000000)
  eden space 10240000K, 35% used [0x00002b8285000000,0x00002b83633497b8,0x00002b84f6000000)
  from space 10240000K, 3% used [0x00002b84f6000000,0x00002b850e5630b0,0x00002b8767000000)
  to   space 10240000K, 0% used [0x00002b8767000000,0x00002b8767000000,0x00002b89d8000000)
 ParOldGen       total 61440000K, used 42593946K [0x00002b73df000000, 0x00002b8285000000, 0x00002b8285000000)
  object space 61440000K, 69% used [0x00002b73df000000,0x00002b7e06ba6988,0x00002b8285000000)
 Metaspace       used 218065K, capacity 226019K, committed 235100K, reserved 235520K
Event: 90005.296 GC heap after
Heap after GC invocations=13959 (full 261):
 PSYoungGen      total 20480000K, used 3274K [0x00002b8285000000, 0x00002b89d8000000, 0x00002b89d8000000)
  eden space 10240000K, 0% used [0x00002b8285000000,0x00002b8285000000,0x00002b84f6000000)
  from space 10240000K, 0% used [0x00002b8767000000,0x00002b8767332918,0x00002b89d8000000)
  to   space 10240000K, 0% used [0x00002b84f6000000,0x00002b84f6000000,0x00002b8767000000)
 ParOldGen       total 61440000K, used 42842970K [0x00002b73df000000, 0x00002b8285000000, 0x00002b8285000000)
  object space 61440000K, 69% used [0x00002b73df000000,0x00002b7e15ed6918,0x00002b8285000000)
 Metaspace       used 218065K, capacity 226019K, committed 235100K, reserved 235520K
}
Event: 90005.296 GC heap before
{Heap before GC invocations=13960 (full 262):
 PSYoungGen      total 20480000K, used 3274K [0x00002b8285000000, 0x00002b89d8000000, 0x00002b89d8000000)
  eden space 10240000K, 0% used [0x00002b8285000000,0x00002b8285000000,0x00002b84f6000000)
  from space 10240000K, 0% used [0x00002b8767000000,0x00002b8767332918,0x00002b89d8000000)
  to   space 10240000K, 0% used [0x00002b84f6000000,0x00002b84f6000000,0x00002b8767000000)
 ParOldGen       total 61440000K, used 42842970K [0x00002b73df000000, 0x00002b8285000000, 0x00002b8285000000)
  object space 61440000K, 69% used [0x00002b73df000000,0x00002b7e15ed6918,0x00002b8285000000)
 Metaspace       used 218065K, capacity 226019K, committed 235100K, reserved 235520K
Event: 90008.562 GC heap after
Heap after GC invocations=13960 (full 262):
 PSYoungGen      total 20480000K, used 0K [0x00002b8285000000, 0x00002b89d8000000, 0x00002b89d8000000)
  eden space 10240000K, 0% used [0x00002b8285000000,0x00002b8285000000,0x00002b84f6000000)
  from space 10240000K, 0% used [0x00002b8767000000,0x00002b8767000000,0x00002b89d8000000)
  to   space 10240000K, 0% used [0x00002b84f6000000,0x00002b84f6000000,0x00002b8767000000)
 ParOldGen       total 61440000K, used 22610551K [0x00002b73df000000, 0x00002b8285000000, 0x00002b8285000000)
  object space 61440000K, 36% used [0x00002b73df000000,0x00002b794309dcf8,0x00002b8285000000)
 Metaspace       used 218065K, capacity 226019K, committed 235100K, reserved 235520K
}
Event: 90085.460 GC heap before
{Heap before GC invocations=13961 (full 262):
 PSYoungGen      total 20480000K, used 10237609K [0x00002b8285000000, 0x00002b89d8000000, 0x00002b89d8000000)
  eden space 10240000K, 99% used [0x00002b8285000000,0x00002b84f5daa770,0x00002b84f6000000)
  from space 10240000K, 0% used [0x00002b8767000000,0x00002b8767000000,0x00002b89d8000000)
  to   space 10240000K, 0% used [0x00002b84f6000000,0x00002b84f6000000,0x00002b8767000000)
 ParOldGen       total 61440000K, used 22610551K [0x00002b73df000000, 0x00002b8285000000, 0x00002b8285000000)
  object space 61440000K, 36% used [0x00002b73df000000,0x00002b794309dcf8,0x00002b8285000000)
 Metaspace       used 218065K, capacity 226019K, committed 235100K, reserved 235520K
Event: 90086.535 GC heap after
Heap after GC invocations=13961 (full 262):
 PSYoungGen      total 20480000K, used 10233528K [0x00002b8285000000, 0x00002b89d8000000, 0x00002b89d8000000)
  eden space 10240000K, 0% used [0x00002b8285000000,0x00002b8285000000,0x00002b84f6000000)
  from space 10240000K, 99% used [0x00002b84f6000000,0x00002b87669ae180,0x00002b8767000000)
  to   space 10240000K, 0% used [0x00002b8767000000,0x00002b8767000000,0x00002b89d8000000)
 ParOldGen       total 61440000K, used 22610551K [0x00002b73df000000, 0x00002b8285000000, 0x00002b8285000000)
  object space 61440000K, 36% used [0x00002b73df000000,0x00002b794309dcf8,0x00002b8285000000)
 Metaspace       used 218065K, capacity 226019K, committed 235100K, reserved 235520K
}

