# JRE version: Java(TM) SE Runtime Environment (8.0_172-b11) (build 1.8.0_172-b11)
# Java VM: Java HotSpot(TM) 64-Bit Server VM (25.172-b11 mixed mode linux-amd64 )
Heap:
 PSYoungGen      total 27695104K, used 7970993K [0x00002ac4bd000000, 0x00002acc10000000, 0x00002acc10000000)
  eden space 24670208K, 32% used [0x00002ac4bd000000,0x00002ac6a382c640,0x00002aca9ec00000)
  from space 3024896K, 0% used [0x00002aca9ec00000,0x00002aca9ec00000,0x00002acb57600000)
  to   space 2976256K, 0% used [0x00002acb5a580000,0x00002acb5a580000,0x00002acc10000000)
 ParOldGen       total 61440000K, used 36771462K [0x00002ab617000000, 0x00002ac4bd000000, 0x00002ac4bd000000)
  object space 61440000K, 59% used [0x00002ab617000000,0x00002abedb5a1838,0x00002ac4bd000000)
 Metaspace       used 218057K, capacity 226083K, committed 231168K, reserved 231424K
GC Heap History (10 events):
Event: 88811.868 GC heap before
{Heap before GC invocations=13927 (full 232):
 PSYoungGen      total 28801536K, used 1213651K [0x00002ac4bd000000, 0x00002acc10000000, 0x00002acc10000000)
  eden space 27575296K, 0% used [0x00002ac4bd000000,0x00002ac4bd000000,0x00002acb50100000)
  from space 1226240K, 98% used [0x00002acbc5280000,0x00002acc0f3b4c58,0x00002acc10000000)
  to   space 1572352K, 0% used [0x00002acb50100000,0x00002acb50100000,0x00002acbb0080000)
 ParOldGen       total 61440000K, used 55030471K [0x00002ab617000000, 0x00002ac4bd000000, 0x00002ac4bd000000)
  object space 61440000K, 89% used [0x00002ab617000000,0x00002ac335cb1e18,0x00002ac4bd000000)
 Metaspace       used 196144K, capacity 204338K, committed 208640K, reserved 208896K
Event: 88816.326 GC heap after
Heap after GC invocations=13927 (full 232):
 PSYoungGen      total 28801536K, used 0K [0x00002ac4bd000000, 0x00002acc10000000, 0x00002acc10000000)
  eden space 27575296K, 0% used [0x00002ac4bd000000,0x00002ac4bd000000,0x00002acb50100000)
  from space 1226240K, 0% used [0x00002acbc5280000,0x00002acbc5280000,0x00002acc10000000)
  to   space 1572352K, 0% used [0x00002acb50100000,0x00002acb50100000,0x00002acbb0080000)
 ParOldGen       total 61440000K, used 41542918K [0x00002ab617000000, 0x00002ac4bd000000, 0x00002ac4bd000000)
  object space 61440000K, 67% used [0x00002ab617000000,0x00002abffe9418e8,0x00002ac4bd000000)
 Metaspace       used 195751K, capacity 203593K, committed 208640K, reserved 208896K
}
Event: 89105.381 GC heap before
{Heap before GC invocations=13928 (full 232):
 PSYoungGen      total 28801536K, used 27575296K [0x00002ac4bd000000, 0x00002acc10000000, 0x00002acc10000000)
  eden space 27575296K, 100% used [0x00002ac4bd000000,0x00002acb50100000,0x00002acb50100000)
  from space 1226240K, 0% used [0x00002acbc5280000,0x00002acbc5280000,0x00002acc10000000)
  to   space 1572352K, 0% used [0x00002acb50100000,0x00002acb50100000,0x00002acbb0080000)
 ParOldGen       total 61440000K, used 41560480K [0x00002ab617000000, 0x00002ac4bd000000, 0x00002ac4bd000000)
  object space 61440000K, 67% used [0x00002ab617000000,0x00002abfffa68048,0x00002ac4bd000000)
 Metaspace       used 200745K, capacity 208690K, committed 213760K, reserved 215040K
Event: 89105.941 GC heap after
Heap after GC invocations=13928 (full 232):
 PSYoungGen      total 29147648K, used 1572338K [0x00002ac4bd000000, 0x00002acc10000000, 0x00002acc10000000)
  eden space 27575296K, 0% used [0x00002ac4bd000000,0x00002ac4bd000000,0x00002acb50100000)
  from space 1572352K, 99% used [0x00002acb50100000,0x00002acbb007cb80,0x00002acbb0080000)
  to   space 1572352K, 0% used [0x00002acbb0080000,0x00002acbb0080000,0x00002acc10000000)
 ParOldGen       total 61440000K, used 44943366K [0x00002ab617000000, 0x00002ac4bd000000, 0x00002ac4bd000000)
  object space 61440000K, 73% used [0x00002ab617000000,0x00002ac0ce2019c0,0x00002ac4bd000000)
 Metaspace       used 200745K, capacity 208690K, committed 213760K, reserved 215040K
}
Event: 89116.075 GC heap before
{Heap before GC invocations=13929 (full 232):
 PSYoungGen      total 29147648K, used 29147634K [0x00002ac4bd000000, 0x00002acc10000000, 0x00002acc10000000)
  eden space 27575296K, 100% used [0x00002ac4bd000000,0x00002acb50100000,0x00002acb50100000)
  from space 1572352K, 99% used [0x00002acb50100000,0x00002acbb007cb80,0x00002acbb0080000)
  to   space 1572352K, 0% used [0x00002acbb0080000,0x00002acbb0080000,0x00002acc10000000)
 ParOldGen       total 61440000K, used 44943372K [0x00002ab617000000, 0x00002ac4bd000000, 0x00002ac4bd000000)
  object space 61440000K, 73% used [0x00002ab617000000,0x00002ac0ce203308,0x00002ac4bd000000)
 Metaspace       used 218052K, capacity 226034K, committed 231168K, reserved 231424K
Event: 89116.209 GC heap after
Heap after GC invocations=13929 (full 232):
 PSYoungGen      total 26242560K, used 192909K [0x00002ac4bd000000, 0x00002acc10000000, 0x00002acc10000000)
  eden space 24670208K, 0% used [0x00002ac4bd000000,0x00002ac4bd000000,0x00002aca9ec00000)
  from space 1572352K, 12% used [0x00002acbb0080000,0x00002acbbbce3648,0x00002acc10000000)
  to   space 3024896K, 0% used [0x00002aca9ec00000,0x00002aca9ec00000,0x00002acb57600000)
 ParOldGen       total 61440000K, used 45266266K [0x00002ab617000000, 0x00002ac4bd000000, 0x00002ac4bd000000)
  object space 61440000K, 73% used [0x00002ab617000000,0x00002ac0e1d56ac0,0x00002ac4bd000000)
 Metaspace       used 218052K, capacity 226034K, committed 231168K, reserved 231424K
}
Event: 90004.654 GC heap before
{Heap before GC invocations=13930 (full 232):
 PSYoungGen      total 26242560K, used 10823382K [0x00002ac4bd000000, 0x00002acc10000000, 0x00002acc10000000)
  eden space 24670208K, 43% used [0x00002ac4bd000000,0x00002ac745d52460,0x00002aca9ec00000)
  from space 1572352K, 12% used [0x00002acbb0080000,0x00002acbbbce3648,0x00002acc10000000)
  to   space 3024896K, 0% used [0x00002aca9ec00000,0x00002aca9ec00000,0x00002acb57600000)
 ParOldGen       total 61440000K, used 45266266K [0x00002ab617000000, 0x00002ac4bd000000, 0x00002ac4bd000000)
  object space 61440000K, 73% used [0x00002ab617000000,0x00002ac0e1d56ac0,0x00002ac4bd000000)
 Metaspace       used 218061K, capacity 226098K, committed 231168K, reserved 231424K
Event: 90004.762 GC heap after
Heap after GC invocations=13930 (full 232):
 PSYoungGen      total 27695104K, used 20593K [0x00002ac4bd000000, 0x00002acc10000000, 0x00002acc10000000)
  eden space 24670208K, 0% used [0x00002ac4bd000000,0x00002ac4bd000000,0x00002aca9ec00000)
  from space 3024896K, 0% used [0x00002aca9ec00000,0x00002acaa001c770,0x00002acb57600000)
  to   space 2976256K, 0% used [0x00002acb5a580000,0x00002acb5a580000,0x00002acc10000000)
 ParOldGen       total 61440000K, used 45334244K [0x00002ab617000000, 0x00002ac4bd000000, 0x00002ac4bd000000)
  object space 61440000K, 73% used [0x00002ab617000000,0x00002ac0e5fb93e8,0x00002ac4bd000000)
 Metaspace       used 218061K, capacity 226098K, committed 231168K, reserved 231424K
}
Event: 90004.762 GC heap before
{Heap before GC invocations=13931 (full 233):
 PSYoungGen      total 27695104K, used 20593K [0x00002ac4bd000000, 0x00002acc10000000, 0x00002acc10000000)
  eden space 24670208K, 0% used [0x00002ac4bd000000,0x00002ac4bd000000,0x00002aca9ec00000)
  from space 3024896K, 0% used [0x00002aca9ec00000,0x00002acaa001c770,0x00002acb57600000)
  to   space 2976256K, 0% used [0x00002acb5a580000,0x00002acb5a580000,0x00002acc10000000)
 ParOldGen       total 61440000K, used 45334244K [0x00002ab617000000, 0x00002ac4bd000000, 0x00002ac4bd000000)
  object space 61440000K, 73% used [0x00002ab617000000,0x00002ac0e5fb93e8,0x00002ac4bd000000)
 Metaspace       used 218061K, capacity 226098K, committed 231168K, reserved 231424K
Event: 90009.041 GC heap after
Heap after GC invocations=13931 (full 233):
 PSYoungGen      total 27695104K, used 0K [0x00002ac4bd000000, 0x00002acc10000000, 0x00002acc10000000)
  eden space 24670208K, 0% used [0x00002ac4bd000000,0x00002ac4bd000000,0x00002aca9ec00000)
  from space 3024896K, 0% used [0x00002aca9ec00000,0x00002aca9ec00000,0x00002acb57600000)
  to   space 2976256K, 0% used [0x00002acb5a580000,0x00002acb5a580000,0x00002acc10000000)
 ParOldGen       total 61440000K, used 36771462K [0x00002ab617000000, 0x00002ac4bd000000, 0x00002ac4bd000000)
  object space 61440000K, 59% used [0x00002ab617000000,0x00002abedb5a1838,0x00002ac4bd000000)
 Metaspace       used 218056K, capacity 226083K, committed 231168K, reserved 231424K
}

