# JRE version: Java(TM) SE Runtime Environment (8.0_172-b11) (build 1.8.0_172-b11)
# Java VM: Java HotSpot(TM) 64-Bit Server VM (25.172-b11 mixed mode linux-amd64 )
Heap:
 PSYoungGen      total 7532544K, used 216409K [0x00002abd76800000, 0x00002ac422880000, 0x00002ac4c9800000)
  eden space 7504384K, 2% used [0x00002abd76800000,0x00002abd820535e0,0x00002abf40880000)
  from space 28160K, 98% used [0x00002abf43500000,0x00002abf45003038,0x00002abf45080000)
  to   space 10240000K, 0% used [0x00002ac1b1880000,0x00002ac1b1880000,0x00002ac422880000)
 ParOldGen       total 61440000K, used 43865224K [0x00002aaed0800000, 0x00002abd76800000, 0x00002abd76800000)
  object space 61440000K, 71% used [0x00002aaed0800000,0x00002ab945d222d8,0x00002abd76800000)
 Metaspace       used 212054K, capacity 220324K, committed 230400K, reserved 231424K
GC Heap History (10 events):
Event: 170215.575 GC heap before
{Heap before GC invocations=11061 (full 246):
 PSYoungGen      total 17883136K, used 14881071K [0x00002abd76800000, 0x00002ac476900000, 0x00002ac4c9800000)
  eden space 7643136K, 100% used [0x00002abd76800000,0x00002abf49000000,0x00002abf49000000)
  from space 10240000K, 70% used [0x00002abf49000000,0x00002ac102c4bd50,0x00002ac1ba000000)
  to   space 10240000K, 0% used [0x00002ac205900000,0x00002ac205900000,0x00002ac476900000)
 ParOldGen       total 61440000K, used 37901683K [0x00002aaed0800000, 0x00002abd76800000, 0x00002abd76800000)
  object space 61440000K, 61% used [0x00002aaed0800000,0x00002ab7d9d5ccf0,0x00002abd76800000)
 Metaspace       used 212052K, capacity 220324K, committed 230400K, reserved 231424K
Event: 170215.761 GC heap after
Heap after GC invocations=11061 (full 246):
 PSYoungGen      total 16550912K, used 58899K [0x00002abd76800000, 0x00002ac428200000, 0x00002ac4c9800000)
  eden space 7596032K, 0% used [0x00002abd76800000,0x00002abd76800000,0x00002abf46200000)
  from space 8954880K, 0% used [0x00002ac205900000,0x00002ac209284db0,0x00002ac428200000)
  to   space 10240000K, 0% used [0x00002abf46200000,0x00002abf46200000,0x00002ac1b7200000)
 ParOldGen       total 61440000K, used 38884795K [0x00002aaed0800000, 0x00002abd76800000, 0x00002abd76800000)
  object space 61440000K, 63% used [0x00002aaed0800000,0x00002ab815d6ee58,0x00002abd76800000)
 Metaspace       used 212052K, capacity 220324K, committed 230400K, reserved 231424K
}
Event: 171004.049 GC heap before
{Heap before GC invocations=11062 (full 246):
 PSYoungGen      total 16550912K, used 7354163K [0x00002abd76800000, 0x00002ac428200000, 0x00002ac4c9800000)
  eden space 7596032K, 96% used [0x00002abd76800000,0x00002abf33c47fc8,0x00002abf46200000)
  from space 8954880K, 0% used [0x00002ac205900000,0x00002ac209284db0,0x00002ac428200000)
  to   space 10240000K, 0% used [0x00002abf46200000,0x00002abf46200000,0x00002ac1b7200000)
 ParOldGen       total 61440000K, used 38884795K [0x00002aaed0800000, 0x00002abd76800000, 0x00002abd76800000)
  object space 61440000K, 63% used [0x00002aaed0800000,0x00002ab815d6ee58,0x00002abd76800000)
 Metaspace       used 212052K, capacity 220324K, committed 230400K, reserved 231424K
Event: 171004.533 GC heap after
Heap after GC invocations=11062 (full 246):
 PSYoungGen      total 17836032K, used 4278545K [0x00002abd76800000, 0x00002ac428200000, 0x00002ac4c9800000)
  eden space 7596032K, 0% used [0x00002abd76800000,0x00002abd76800000,0x00002abf46200000)
  from space 10240000K, 41% used [0x00002abf46200000,0x00002ac04b4445a8,0x00002ac1b7200000)
  to   space 10240000K, 0% used [0x00002ac1b7200000,0x00002ac1b7200000,0x00002ac428200000)
 ParOldGen       total 61440000K, used 38906409K [0x00002aaed0800000, 0x00002abd76800000, 0x00002abd76800000)
  object space 61440000K, 63% used [0x00002aaed0800000,0x00002ab81728a770,0x00002abd76800000)
 Metaspace       used 212052K, capacity 220324K, committed 230400K, reserved 231424K
}
Event: 171004.533 GC heap before
{Heap before GC invocations=11063 (full 247):
 PSYoungGen      total 17836032K, used 4278545K [0x00002abd76800000, 0x00002ac428200000, 0x00002ac4c9800000)
  eden space 7596032K, 0% used [0x00002abd76800000,0x00002abd76800000,0x00002abf46200000)
  from space 10240000K, 41% used [0x00002abf46200000,0x00002ac04b4445a8,0x00002ac1b7200000)
  to   space 10240000K, 0% used [0x00002ac1b7200000,0x00002ac1b7200000,0x00002ac428200000)
 ParOldGen       total 61440000K, used 38906409K [0x00002aaed0800000, 0x00002abd76800000, 0x00002abd76800000)
  object space 61440000K, 63% used [0x00002aaed0800000,0x00002ab81728a770,0x00002abd76800000)
 Metaspace       used 212052K, capacity 220324K, committed 230400K, reserved 231424K
Event: 171008.403 GC heap after
Heap after GC invocations=11063 (full 247):
 PSYoungGen      total 17836032K, used 0K [0x00002abd76800000, 0x00002ac428200000, 0x00002ac4c9800000)
  eden space 7596032K, 0% used [0x00002abd76800000,0x00002abd76800000,0x00002abf46200000)
  from space 10240000K, 0% used [0x00002abf46200000,0x00002abf46200000,0x00002ac1b7200000)
  to   space 10240000K, 0% used [0x00002ac1b7200000,0x00002ac1b7200000,0x00002ac428200000)
 ParOldGen       total 61440000K, used 42345670K [0x00002aaed0800000, 0x00002abd76800000, 0x00002abd76800000)
  object space 61440000K, 68% used [0x00002aaed0800000,0x00002ab8e9131a30,0x00002abd76800000)
 Metaspace       used 212052K, capacity 220324K, committed 230400K, reserved 231424K
}
Event: 171293.911 GC heap before
{Heap before GC invocations=11064 (full 247):
 PSYoungGen      total 17836032K, used 7596032K [0x00002abd76800000, 0x00002ac428200000, 0x00002ac4c9800000)
  eden space 7596032K, 100% used [0x00002abd76800000,0x00002abf46200000,0x00002abf46200000)
  from space 10240000K, 0% used [0x00002abf46200000,0x00002abf46200000,0x00002ac1b7200000)
  to   space 10240000K, 0% used [0x00002ac1b7200000,0x00002ac1b7200000,0x00002ac428200000)
 ParOldGen       total 61440000K, used 42345670K [0x00002aaed0800000, 0x00002abd76800000, 0x00002abd76800000)
  object space 61440000K, 68% used [0x00002aaed0800000,0x00002ab8e9131a30,0x00002abd76800000)
 Metaspace       used 212052K, capacity 220324K, committed 230400K, reserved 231424K
Event: 171294.367 GC heap after
Heap after GC invocations=11064 (full 247):
 PSYoungGen      total 17743872K, used 4160040K [0x00002abd76800000, 0x00002ac425500000, 0x00002ac4c9800000)
  eden space 7549952K, 0% used [0x00002abd76800000,0x00002abd76800000,0x00002abf43500000)
  from space 10193920K, 40% used [0x00002ac1b7200000,0x00002ac2b508a110,0x00002ac425500000)
  to   space 10240000K, 0% used [0x00002abf43500000,0x00002abf43500000,0x00002ac1b4500000)
 ParOldGen       total 61440000K, used 42345670K [0x00002aaed0800000, 0x00002abd76800000, 0x00002abd76800000)
  object space 61440000K, 68% used [0x00002aaed0800000,0x00002ab8e9131a30,0x00002abd76800000)
 Metaspace       used 212052K, capacity 220324K, committed 230400K, reserved 231424K
}
Event: 171980.529 GC heap before
{Heap before GC invocations=11065 (full 247):
 PSYoungGen      total 17743872K, used 11709992K [0x00002abd76800000, 0x00002ac425500000, 0x00002ac4c9800000)
  eden space 7549952K, 100% used [0x00002abd76800000,0x00002abf43500000,0x00002abf43500000)
  from space 10193920K, 40% used [0x00002ac1b7200000,0x00002ac2b508a110,0x00002ac425500000)
  to   space 10240000K, 0% used [0x00002abf43500000,0x00002abf43500000,0x00002ac1b4500000)
 ParOldGen       total 61440000K, used 42345670K [0x00002aaed0800000, 0x00002abd76800000, 0x00002abd76800000)
  object space 61440000K, 68% used [0x00002aaed0800000,0x00002ab8e9131a30,0x00002abd76800000)
 Metaspace       used 212052K, capacity 220324K, committed 230400K, reserved 231424K
Event: 171980.774 GC heap after
Heap after GC invocations=11065 (full 247):
 PSYoungGen      total 7532544K, used 27660K [0x00002abd76800000, 0x00002ac422880000, 0x00002ac4c9800000)
  eden space 7504384K, 0% used [0x00002abd76800000,0x00002abd76800000,0x00002abf40880000)
  from space 28160K, 98% used [0x00002abf43500000,0x00002abf45003038,0x00002abf45080000)
  to   space 10240000K, 0% used [0x00002ac1b1880000,0x00002ac1b1880000,0x00002ac422880000)
 ParOldGen       total 61440000K, used 43865224K [0x00002aaed0800000, 0x00002abd76800000, 0x00002abd76800000)
  object space 61440000K, 71% used [0x00002aaed0800000,0x00002ab945d222d8,0x00002abd76800000)
 Metaspace       used 212052K, capacity 220324K, committed 230400K, reserved 231424K
}

