# JRE version: Java(TM) SE Runtime Environment (8.0_172-b11) (build 1.8.0_172-b11)
# Java VM: Java HotSpot(TM) 64-Bit Server VM (25.172-b11 mixed mode linux-amd64 )
Heap:
 PSYoungGen      total 20480000K, used 10033400K [0x00002b1a8d000000, 0x00002b21e0000000, 0x00002b21e0000000)
  eden space 10240000K, 75% used [0x00002b1a8d000000,0x00002b1c677ae438,0x00002b1cfe000000)
  from space 10240000K, 22% used [0x00002b1f6f000000,0x00002b1ff8e8fd78,0x00002b21e0000000)
  to   space 10240000K, 0% used [0x00002b1cfe000000,0x00002b1cfe000000,0x00002b1f6f000000)
 ParOldGen       total 61440000K, used 37564687K [0x00002b0be7000000, 0x00002b1a8d000000, 0x00002b1a8d000000)
  object space 61440000K, 61% used [0x00002b0be7000000,0x00002b14dbc43eb8,0x00002b1a8d000000)
 Metaspace       used 218349K, capacity 226261K, committed 233052K, reserved 233472K
GC Heap History (10 events):
Event: 89722.608 GC heap before
{Heap before GC invocations=14039 (full 244):
 PSYoungGen      total 19998720K, used 10532605K [0x00002b1a8d000000, 0x00002b21c2a00000, 0x00002b21e0000000)
  eden space 10240000K, 100% used [0x00002b1a8d000000,0x00002b1cfe000000,0x00002b1cfe000000)
  from space 9758720K, 2% used [0x00002b1f6f000000,0x00002b1f80dbf5b8,0x00002b21c2a00000)
  to   space 9999360K, 0% used [0x00002b1cfe000000,0x00002b1cfe000000,0x00002b1f60500000)
 ParOldGen       total 61440000K, used 42874832K [0x00002b0be7000000, 0x00002b1a8d000000, 0x00002b1a8d000000)
  object space 61440000K, 69% used [0x00002b0be7000000,0x00002b161fdf4040,0x00002b1a8d000000)
 Metaspace       used 218349K, capacity 226261K, committed 233052K, reserved 233472K
Event: 89722.772 GC heap after
Heap after GC invocations=14039 (full 244):
 PSYoungGen      total 20239360K, used 265153K [0x00002b1a8d000000, 0x00002b21ba800000, 0x00002b21e0000000)
  eden space 10240000K, 0% used [0x00002b1a8d000000,0x00002b1a8d000000,0x00002b1cfe000000)
  from space 9999360K, 2% used [0x00002b1cfe000000,0x00002b1d0e2f04c8,0x00002b1f60500000)
  to   space 9571840K, 0% used [0x00002b1f72480000,0x00002b1f72480000,0x00002b21ba800000)
 ParOldGen       total 61440000K, used 43145796K [0x00002b0be7000000, 0x00002b1a8d000000, 0x00002b1a8d000000)
  object space 61440000K, 70% used [0x00002b0be7000000,0x00002b1630691218,0x00002b1a8d000000)
 Metaspace       used 218349K, capacity 226261K, committed 233052K, reserved 233472K
}
Event: 90005.099 GC heap before
{Heap before GC invocations=14040 (full 244):
 PSYoungGen      total 20239360K, used 6518179K [0x00002b1a8d000000, 0x00002b21ba800000, 0x00002b21e0000000)
  eden space 10240000K, 61% used [0x00002b1a8d000000,0x00002b1c0aa78998,0x00002b1cfe000000)
  from space 9999360K, 2% used [0x00002b1cfe000000,0x00002b1d0e2f04c8,0x00002b1f60500000)
  to   space 9571840K, 0% used [0x00002b1f72480000,0x00002b1f72480000,0x00002b21ba800000)
 ParOldGen       total 61440000K, used 43145796K [0x00002b0be7000000, 0x00002b1a8d000000, 0x00002b1a8d000000)
  object space 61440000K, 70% used [0x00002b0be7000000,0x00002b1630691218,0x00002b1a8d000000)
 Metaspace       used 218349K, capacity 226261K, committed 233052K, reserved 233472K
Event: 90005.295 GC heap after
Heap after GC invocations=14040 (full 244):
 PSYoungGen      total 19743232K, used 5994K [0x00002b1a8d000000, 0x00002b218a400000, 0x00002b21e0000000)
  eden space 10961920K, 0% used [0x00002b1a8d000000,0x00002b1a8d000000,0x00002b1d2a100000)
  from space 8781312K, 0% used [0x00002b1f72480000,0x00002b1f72a5a930,0x00002b218a400000)
  to   space 9176576K, 0% used [0x00002b1d2a100000,0x00002b1d2a100000,0x00002b1f5a280000)
 ParOldGen       total 61440000K, used 43394671K [0x00002b0be7000000, 0x00002b1a8d000000, 0x00002b1a8d000000)
  object space 61440000K, 70% used [0x00002b0be7000000,0x00002b163f99bd38,0x00002b1a8d000000)
 Metaspace       used 218349K, capacity 226261K, committed 233052K, reserved 233472K
}
Event: 90005.295 GC heap before
{Heap before GC invocations=14041 (full 245):
 PSYoungGen      total 19743232K, used 5994K [0x00002b1a8d000000, 0x00002b218a400000, 0x00002b21e0000000)
  eden space 10961920K, 0% used [0x00002b1a8d000000,0x00002b1a8d000000,0x00002b1d2a100000)
  from space 8781312K, 0% used [0x00002b1f72480000,0x00002b1f72a5a930,0x00002b218a400000)
  to   space 9176576K, 0% used [0x00002b1d2a100000,0x00002b1d2a100000,0x00002b1f5a280000)
 ParOldGen       total 61440000K, used 43394671K [0x00002b0be7000000, 0x00002b1a8d000000, 0x00002b1a8d000000)
  object space 61440000K, 70% used [0x00002b0be7000000,0x00002b163f99bd38,0x00002b1a8d000000)
 Metaspace       used 218349K, capacity 226261K, committed 233052K, reserved 233472K
Event: 90009.460 GC heap after
Heap after GC invocations=14041 (full 245):
 PSYoungGen      total 19743232K, used 0K [0x00002b1a8d000000, 0x00002b218a400000, 0x00002b21e0000000)
  eden space 10961920K, 0% used [0x00002b1a8d000000,0x00002b1a8d000000,0x00002b1d2a100000)
  from space 8781312K, 0% used [0x00002b1f72480000,0x00002b1f72480000,0x00002b218a400000)
  to   space 9176576K, 0% used [0x00002b1d2a100000,0x00002b1d2a100000,0x00002b1f5a280000)
 ParOldGen       total 61440000K, used 32189589K [0x00002b0be7000000, 0x00002b1a8d000000, 0x00002b1a8d000000)
  object space 61440000K, 52% used [0x00002b0be7000000,0x00002b1393b25708,0x00002b1a8d000000)
 Metaspace       used 218349K, capacity 226261K, committed 233052K, reserved 233472K
}
Event: 90111.816 GC heap before
{Heap before GC invocations=14042 (full 245):
 PSYoungGen      total 19743232K, used 10959944K [0x00002b1a8d000000, 0x00002b218a400000, 0x00002b21e0000000)
  eden space 10961920K, 99% used [0x00002b1a8d000000,0x00002b1d29f12360,0x00002b1d2a100000)
  from space 8781312K, 0% used [0x00002b1f72480000,0x00002b1f72480000,0x00002b218a400000)
  to   space 9176576K, 0% used [0x00002b1d2a100000,0x00002b1d2a100000,0x00002b1f5a280000)
 ParOldGen       total 61440000K, used 32189589K [0x00002b0be7000000, 0x00002b1a8d000000, 0x00002b1a8d000000)
  object space 61440000K, 52% used [0x00002b0be7000000,0x00002b1393b25708,0x00002b1a8d000000)
 Metaspace       used 218349K, capacity 226261K, committed 233052K, reserved 233472K
Event: 90113.038 GC heap after
Heap after GC invocations=14042 (full 245):
 PSYoungGen      total 20138496K, used 9119781K [0x00002b1a8d000000, 0x00002b21e0000000, 0x00002b21e0000000)
  eden space 10961920K, 0% used [0x00002b1a8d000000,0x00002b1a8d000000,0x00002b1d2a100000)
  from space 9176576K, 99% used [0x00002b1d2a100000,0x00002b1f56b095b8,0x00002b1f5a280000)
  to   space 10240000K, 0% used [0x00002b1f6f000000,0x00002b1f6f000000,0x00002b21e0000000)
 ParOldGen       total 61440000K, used 33696918K [0x00002b0be7000000, 0x00002b1a8d000000, 0x00002b1a8d000000)
  object space 61440000K, 54% used [0x00002b0be7000000,0x00002b13efb25930,0x00002b1a8d000000)
 Metaspace       used 218349K, capacity 226261K, committed 233052K, reserved 233472K
}
Event: 90196.653 GC heap before
{Heap before GC invocations=14043 (full 245):
 PSYoungGen      total 20138496K, used 20081701K [0x00002b1a8d000000, 0x00002b21e0000000, 0x00002b21e0000000)
  eden space 10961920K, 100% used [0x00002b1a8d000000,0x00002b1d2a100000,0x00002b1d2a100000)
  from space 9176576K, 99% used [0x00002b1d2a100000,0x00002b1f56b095b8,0x00002b1f5a280000)
  to   space 10240000K, 0% used [0x00002b1f6f000000,0x00002b1f6f000000,0x00002b21e0000000)
 ParOldGen       total 61440000K, used 33696918K [0x00002b0be7000000, 0x00002b1a8d000000, 0x00002b1a8d000000)
  object space 61440000K, 54% used [0x00002b0be7000000,0x00002b13efb25930,0x00002b1a8d000000)
 Metaspace       used 218349K, capacity 226261K, committed 233052K, reserved 233472K
Event: 90197.364 GC heap after
Heap after GC invocations=14043 (full 245):
 PSYoungGen      total 20480000K, used 2259519K [0x00002b1a8d000000, 0x00002b21e0000000, 0x00002b21e0000000)
  eden space 10240000K, 0% used [0x00002b1a8d000000,0x00002b1a8d000000,0x00002b1cfe000000)
  from space 10240000K, 22% used [0x00002b1f6f000000,0x00002b1ff8e8fd78,0x00002b21e0000000)
  to   space 10240000K, 0% used [0x00002b1cfe000000,0x00002b1cfe000000,0x00002b1f6f000000)
 ParOldGen       total 61440000K, used 37564687K [0x00002b0be7000000, 0x00002b1a8d000000, 0x00002b1a8d000000)
  object space 61440000K, 61% used [0x00002b0be7000000,0x00002b14dbc43eb8,0x00002b1a8d000000)
 Metaspace       used 218349K, capacity 226261K, committed 233052K, reserved 233472K
}

