# JRE version: Java(TM) SE Runtime Environment (8.0_172-b11) (build 1.8.0_172-b11)
# Java VM: Java HotSpot(TM) 64-Bit Server VM (25.172-b11 mixed mode linux-amd64 )
Heap:
 PSYoungGen      total 30022144K, used 27614077K [0x00002b3635000000, 0x00002b3d83d00000, 0x00002b3d88000000)
  eden space 29845504K, 91% used [0x00002b3635000000,0x00002b3cbfa99bf8,0x00002b3d52a00000)
  from space 176640K, 99% used [0x00002b3d52a00000,0x00002b3d5d6459c0,0x00002b3d5d680000)
  to   space 402944K, 0% used [0x00002b3d6b380000,0x00002b3d6b380000,0x00002b3d83d00000)
 ParOldGen       total 7922176K, used 5471241K [0x00002b278f000000, 0x00002b2972880000, 0x00002b3635000000)
  object space 7922176K, 69% used [0x00002b278f000000,0x00002b28dcf025f0,0x00002b2972880000)
 Metaspace       used 124434K, capacity 136607K, committed 137472K, reserved 139264K
GC Heap History (10 events):
Event: 14207.913 GC heap before
{Heap before GC invocations=912 (full 25):
 PSYoungGen      total 30227456K, used 30227452K [0x00002b3635000000, 0x00002b3d88000000, 0x00002b3d88000000)
  eden space 29969408K, 100% used [0x00002b3635000000,0x00002b3d5a300000,0x00002b3d5a300000)
  from space 258048K, 99% used [0x00002b3d78400000,0x00002b3d87fff3f8,0x00002b3d88000000)
  to   space 375296K, 0% used [0x00002b3d5a300000,0x00002b3d5a300000,0x00002b3d71180000)
 ParOldGen       total 7922176K, used 5470689K [0x00002b278f000000, 0x00002b2972880000, 0x00002b3635000000)
  object space 7922176K, 69% used [0x00002b278f000000,0x00002b28dce785d8,0x00002b2972880000)
 Metaspace       used 124434K, capacity 136607K, committed 137472K, reserved 139264K
Event: 14207.974 GC heap after
Heap after GC invocations=912 (full 25):
 PSYoungGen      total 30325248K, used 355348K [0x00002b3635000000, 0x00002b3d88000000, 0x00002b3d88000000)
  eden space 29969408K, 0% used [0x00002b3635000000,0x00002b3635000000,0x00002b3d5a300000)
  from space 355840K, 99% used [0x00002b3d5a300000,0x00002b3d6fe05120,0x00002b3d6fe80000)
  to   space 394752K, 0% used [0x00002b3d6fe80000,0x00002b3d6fe80000,0x00002b3d88000000)
 ParOldGen       total 7922176K, used 5470937K [0x00002b278f000000, 0x00002b2972880000, 0x00002b3635000000)
  object space 7922176K, 69% used [0x00002b278f000000,0x00002b28dceb65d8,0x00002b2972880000)
 Metaspace       used 124434K, capacity 136607K, committed 137472K, reserved 139264K
}
Event: 14226.188 GC heap before
{Heap before GC invocations=913 (full 25):
 PSYoungGen      total 30325248K, used 30324756K [0x00002b3635000000, 0x00002b3d88000000, 0x00002b3d88000000)
  eden space 29969408K, 100% used [0x00002b3635000000,0x00002b3d5a300000,0x00002b3d5a300000)
  from space 355840K, 99% used [0x00002b3d5a300000,0x00002b3d6fe05120,0x00002b3d6fe80000)
  to   space 394752K, 0% used [0x00002b3d6fe80000,0x00002b3d6fe80000,0x00002b3d88000000)
 ParOldGen       total 7922176K, used 5470937K [0x00002b278f000000, 0x00002b2972880000, 0x00002b3635000000)
  object space 7922176K, 69% used [0x00002b278f000000,0x00002b28dceb65d8,0x00002b2972880000)
 Metaspace       used 124434K, capacity 136607K, committed 137472K, reserved 139264K
Event: 14226.247 GC heap after
Heap after GC invocations=913 (full 25):
 PSYoungGen      total 30244352K, used 247799K [0x00002b3635000000, 0x00002b3d88000000, 0x00002b3d88000000)
  eden space 29849600K, 0% used [0x00002b3635000000,0x00002b3635000000,0x00002b3d52e00000)
  from space 394752K, 62% used [0x00002b3d6fe80000,0x00002b3d7f07dd08,0x00002b3d88000000)
  to   space 435200K, 0% used [0x00002b3d52e00000,0x00002b3d52e00000,0x00002b3d6d700000)
 ParOldGen       total 7922176K, used 5470937K [0x00002b278f000000, 0x00002b2972880000, 0x00002b3635000000)
  object space 7922176K, 69% used [0x00002b278f000000,0x00002b28dceb65d8,0x00002b2972880000)
 Metaspace       used 124434K, capacity 136607K, committed 137472K, reserved 139264K
}
Event: 14242.819 GC heap before
{Heap before GC invocations=914 (full 25):
 PSYoungGen      total 30244352K, used 30097399K [0x00002b3635000000, 0x00002b3d88000000, 0x00002b3d88000000)
  eden space 29849600K, 100% used [0x00002b3635000000,0x00002b3d52e00000,0x00002b3d52e00000)
  from space 394752K, 62% used [0x00002b3d6fe80000,0x00002b3d7f07dd08,0x00002b3d88000000)
  to   space 435200K, 0% used [0x00002b3d52e00000,0x00002b3d52e00000,0x00002b3d6d700000)
 ParOldGen       total 7922176K, used 5470937K [0x00002b278f000000, 0x00002b2972880000, 0x00002b3635000000)
  object space 7922176K, 69% used [0x00002b278f000000,0x00002b28dceb65d8,0x00002b2972880000)
 Metaspace       used 124434K, capacity 136607K, committed 137472K, reserved 139264K
Event: 14242.868 GC heap after
Heap after GC invocations=914 (full 25):
 PSYoungGen      total 30128640K, used 278811K [0x00002b3635000000, 0x00002b3d88000000, 0x00002b3d88000000)
  eden space 29849600K, 0% used [0x00002b3635000000,0x00002b3635000000,0x00002b3d52e00000)
  from space 279040K, 99% used [0x00002b3d52e00000,0x00002b3d63e46d38,0x00002b3d63e80000)
  to   space 448000K, 0% used [0x00002b3d6ca80000,0x00002b3d6ca80000,0x00002b3d88000000)
 ParOldGen       total 7922176K, used 5470937K [0x00002b278f000000, 0x00002b2972880000, 0x00002b3635000000)
  object space 7922176K, 69% used [0x00002b278f000000,0x00002b28dceb65d8,0x00002b2972880000)
 Metaspace       used 124434K, capacity 136607K, committed 137472K, reserved 139264K
}
Event: 14261.376 GC heap before
{Heap before GC invocations=915 (full 25):
 PSYoungGen      total 30128640K, used 30128411K [0x00002b3635000000, 0x00002b3d88000000, 0x00002b3d88000000)
  eden space 29849600K, 100% used [0x00002b3635000000,0x00002b3d52e00000,0x00002b3d52e00000)
  from space 279040K, 99% used [0x00002b3d52e00000,0x00002b3d63e46d38,0x00002b3d63e80000)
  to   space 448000K, 0% used [0x00002b3d6ca80000,0x00002b3d6ca80000,0x00002b3d88000000)
 ParOldGen       total 7922176K, used 5470937K [0x00002b278f000000, 0x00002b2972880000, 0x00002b3635000000)
  object space 7922176K, 69% used [0x00002b278f000000,0x00002b28dceb65d8,0x00002b2972880000)
 Metaspace       used 124434K, capacity 136607K, committed 137472K, reserved 139264K
Event: 14261.460 GC heap after
Heap after GC invocations=915 (full 25):
 PSYoungGen      total 30293504K, used 154161K [0x00002b3635000000, 0x00002b3d88000000, 0x00002b3d88000000)
  eden space 29845504K, 0% used [0x00002b3635000000,0x00002b3635000000,0x00002b3d52a00000)
  from space 448000K, 34% used [0x00002b3d6ca80000,0x00002b3d7610c550,0x00002b3d88000000)
  to   space 426496K, 0% used [0x00002b3d52a00000,0x00002b3d52a00000,0x00002b3d6ca80000)
 ParOldGen       total 7922176K, used 5471073K [0x00002b278f000000, 0x00002b2972880000, 0x00002b3635000000)
  object space 7922176K, 69% used [0x00002b278f000000,0x00002b28dced85d8,0x00002b2972880000)
 Metaspace       used 124434K, capacity 136607K, committed 137472K, reserved 139264K
}
Event: 14277.209 GC heap before
{Heap before GC invocations=916 (full 25):
 PSYoungGen      total 30293504K, used 29999665K [0x00002b3635000000, 0x00002b3d88000000, 0x00002b3d88000000)
  eden space 29845504K, 100% used [0x00002b3635000000,0x00002b3d52a00000,0x00002b3d52a00000)
  from space 448000K, 34% used [0x00002b3d6ca80000,0x00002b3d7610c550,0x00002b3d88000000)
  to   space 426496K, 0% used [0x00002b3d52a00000,0x00002b3d52a00000,0x00002b3d6ca80000)
 ParOldGen       total 7922176K, used 5471073K [0x00002b278f000000, 0x00002b2972880000, 0x00002b3635000000)
  object space 7922176K, 69% used [0x00002b278f000000,0x00002b28dced85d8,0x00002b2972880000)
 Metaspace       used 124434K, capacity 136607K, committed 137472K, reserved 139264K
Event: 14277.303 GC heap after
Heap after GC invocations=916 (full 25):
 PSYoungGen      total 30022144K, used 176406K [0x00002b3635000000, 0x00002b3d83d00000, 0x00002b3d88000000)
  eden space 29845504K, 0% used [0x00002b3635000000,0x00002b3635000000,0x00002b3d52a00000)
  from space 176640K, 99% used [0x00002b3d52a00000,0x00002b3d5d6459c0,0x00002b3d5d680000)
  to   space 402944K, 0% used [0x00002b3d6b380000,0x00002b3d6b380000,0x00002b3d83d00000)
 ParOldGen       total 7922176K, used 5471241K [0x00002b278f000000, 0x00002b2972880000, 0x00002b3635000000)
  object space 7922176K, 69% used [0x00002b278f000000,0x00002b28dcf025f0,0x00002b2972880000)
 Metaspace       used 124434K, capacity 136607K, committed 137472K, reserved 139264K
}

